[2019-05-05T20:34:16.358Z] [debug]Logging initialized at debug level
[2019-05-05T20:39:35.692Z] [error][592714/rvboris]: errorHandler error, TypeError: Cannot read property 't' of undefined
    at Object.exports.default (/Users/rbs/mygit/streamix/dist/keyboards/main.js:5:47)
    at start.enter (/Users/rbs/mygit/streamix/dist/scene/start/index.js:17:44)
    at execute (/Users/rbs/mygit/streamix/node_modules/telegraf/composer.js:352:13)
    at Promise.resolve.handler (/Users/rbs/mygit/streamix/node_modules/telegraf/composer.js:352:49)
    at /Users/rbs/mygit/streamix/node_modules/telegraf/composer.js:120:56
    at execute (/Users/rbs/mygit/streamix/node_modules/telegraf/composer.js:352:13)
    at /Users/rbs/mygit/streamix/node_modules/telegraf/composer.js:337:14
    at leave.then (/Users/rbs/mygit/streamix/node_modules/telegraf/scenes/context.js:62:14)
    at processTicksAndRejections (internal/process/task_queues.js:86:5)
[2019-05-05T20:40:27.285Z] [debug]Logging initialized at debug level
[2019-05-05T20:40:28.758Z] [debug][592714/rvboris]: New user has been created
[2019-05-05T20:42:38.543Z] [debug]Logging initialized at debug level
[2019-05-05T20:53:26.667Z] [debug]Logging initialized at debug level
[2019-05-05T20:53:30.197Z] [debug][592714/rvboris]: New user has been created
[2019-05-05T20:53:30.203Z] [debug][592714/rvboris]: New user has been created
[2019-05-05T22:05:52.230Z] [debug]Logging initialized at debug level
[2019-05-05T22:07:20.746Z] [error][592714/rvboris]: error, Error: telegraf-i18n: 'en.keyboards.main_keyboard.search' not found
    at I18nContext.t (/Users/rbs/mygit/streamix/node_modules/telegraf-i18n/lib/context.js:47:13)
    at Object.exports.default (/Users/rbs/mygit/streamix/dist/keyboards/main.js:5:47)
    at start.leave (/Users/rbs/mygit/streamix/dist/scene/start/index.js:23:44)
    at execute (/Users/rbs/mygit/streamix/node_modules/telegraf/composer.js:352:13)
    at Promise.resolve.handler (/Users/rbs/mygit/streamix/node_modules/telegraf/composer.js:352:49)
    at /Users/rbs/mygit/streamix/node_modules/telegraf/composer.js:120:56
    at execute (/Users/rbs/mygit/streamix/node_modules/telegraf/composer.js:352:13)
    at /Users/rbs/mygit/streamix/node_modules/telegraf/composer.js:337:14
    at SceneContext.leave (/Users/rbs/mygit/streamix/node_modules/telegraf/scenes/context.js:75:12)
    at SceneContext.enter (/Users/rbs/mygit/streamix/node_modules/telegraf/scenes/context.js:47:42)
[2019-05-05T22:08:40.156Z] [debug]Logging initialized at debug level
[2019-05-05T22:08:50.175Z] [error][592714/rvboris]: error, Error: telegraf-i18n: 'en.keyboards.main_keyboard.support' not found
    at I18nContext.t (/Users/rbs/mygit/streamix/node_modules/telegraf-i18n/lib/context.js:47:13)
    at Object.exports.default (/Users/rbs/mygit/streamix/dist/keyboards/main.js:7:42)
    at start.leave (/Users/rbs/mygit/streamix/dist/scene/start/index.js:23:44)
    at execute (/Users/rbs/mygit/streamix/node_modules/telegraf/composer.js:352:13)
    at Promise.resolve.handler (/Users/rbs/mygit/streamix/node_modules/telegraf/composer.js:352:49)
    at /Users/rbs/mygit/streamix/node_modules/telegraf/composer.js:120:56
    at execute (/Users/rbs/mygit/streamix/node_modules/telegraf/composer.js:352:13)
    at /Users/rbs/mygit/streamix/node_modules/telegraf/composer.js:337:14
    at SceneContext.leave (/Users/rbs/mygit/streamix/node_modules/telegraf/scenes/context.js:75:12)
    at SceneContext.enter (/Users/rbs/mygit/streamix/node_modules/telegraf/scenes/context.js:47:42)
[2019-05-05T22:09:20.387Z] [debug]Logging initialized at debug level
[2019-05-05T22:10:42.300Z] [debug]Logging initialized at debug level
[2019-05-05T22:47:18.540Z] [debug]Logging initialized at debug level
[2019-05-05T22:47:27.775Z] [debug][592714/rvboris]: Enters settings scene
[2019-05-05T22:47:27.787Z] [error][592714/rvboris]: error, TypeError: Cannot convert undefined or null to object
    at settings.enter (/Users/rbs/mygit/streamix/dist/controllers/settings/index.js:19:24)
    at execute (/Users/rbs/mygit/streamix/node_modules/telegraf/composer.js:352:13)
    at Promise.resolve.handler (/Users/rbs/mygit/streamix/node_modules/telegraf/composer.js:352:49)
    at /Users/rbs/mygit/streamix/node_modules/telegraf/composer.js:120:56
    at execute (/Users/rbs/mygit/streamix/node_modules/telegraf/composer.js:352:13)
    at /Users/rbs/mygit/streamix/node_modules/telegraf/composer.js:337:14
    at leave.then (/Users/rbs/mygit/streamix/node_modules/telegraf/scenes/context.js:62:14)
    at processTicksAndRejections (internal/process/task_queues.js:86:5)
[2019-05-05T22:50:20.952Z] [debug]Logging initialized at debug level
[2019-05-05T22:50:29.002Z] [debug][592714/rvboris]: Leaves settings scene
[2019-05-05T22:50:29.245Z] [debug][592714/rvboris]: Enters settings scene
[2019-05-05T22:50:29.478Z] [error][592714/rvboris]: error, TypeError: Cannot set property 'settings' of undefined
    at Object.exports.sendMessageToBeDeletedLater (/Users/rbs/mygit/streamix/dist/controllers/settings/helpers.js:35:36)
    at processTicksAndRejections (internal/process/task_queues.js:86:5)
[2019-05-05T22:51:43.386Z] [debug]Logging initialized at debug level
[2019-05-05T22:51:56.227Z] [debug][592714/rvboris]: Leaves settings scene
[2019-05-05T22:51:56.455Z] [debug][592714/rvboris]: Enters settings scene
[2019-05-05T22:52:31.606Z] [debug][592714/rvboris]: Leaves settings scene
[2019-05-05T22:52:35.276Z] [error][592714/rvboris]: error, Error: Can't find scene: contact
    at SceneContext.enter (/Users/rbs/mygit/streamix/node_modules/telegraf/scenes/context.js:45:13)
    at bot.hears.errorHandler_1.default (/Users/rbs/mygit/streamix/dist/index.js:50:123)
    at /Users/rbs/mygit/streamix/dist/util/errorHandler.js:10:26
    at Promise.resolve.then (/Users/rbs/mygit/streamix/node_modules/telegraf/composer.js:128:56)
    at processTicksAndRejections (internal/process/task_queues.js:86:5)
[2019-05-05T22:52:43.468Z] [debug][592714/rvboris]: Opens about section
[2019-05-05T22:57:31.224Z] [debug]Logging initialized at debug level
[2019-05-05T22:57:36.778Z] [debug][592714/rvboris]: Enters settings scene
[2019-05-05T22:57:39.008Z] [debug][592714/rvboris]: Leaves settings scene
[2019-05-05T22:57:39.158Z] [debug][592714/rvboris]: Enters contact scene
[2019-05-05T22:57:49.400Z] [debug][592714/rvboris]: Leaves contact scene
[2019-05-05T22:57:51.910Z] [debug][592714/rvboris]: Opens about section
[2019-05-05T22:57:53.388Z] [debug][592714/rvboris]: Enters contact scene
[2019-05-05T22:57:56.092Z] [debug][592714/rvboris]: Leaves contact scene
[2019-05-05T22:57:57.120Z] [debug][592714/rvboris]: Enters settings scene
[2019-05-05T22:58:24.045Z] [debug][592714/rvboris]: Leaves settings scene
[2019-05-05T23:10:53.172Z] [debug]Logging initialized at debug level
[2019-05-05T23:10:55.049Z] [debug][592714/rvboris]: Enters settings scene
[2019-05-05T23:11:08.952Z] [debug][592714/rvboris]: Leaves settings scene
[2019-05-05T23:11:14.467Z] [debug][592714/rvboris]: Enters settings scene
[2019-05-05T23:12:03.962Z] [debug][592714/rvboris]: Checking account summary
[2019-05-05T23:12:12.920Z] [debug][592714/rvboris]: Checking account summary
[2019-05-05T23:23:22.417Z] [debug][592714/rvboris]: Leaves settings scene
[2019-05-05T23:23:24.427Z] [debug][592714/rvboris]: Opens about section
[2019-05-05T23:23:38.847Z] [debug][592714/rvboris]: Enters contact scene
[2019-05-05T23:23:43.873Z] [debug][592714/rvboris]: Leaves contact scene
[2019-05-06T00:06:25.421Z] [debug]Logging initialized at debug level
[2019-05-06T00:06:28.451Z] [debug][592714/rvboris]: Enters settings scene
[2019-05-06T00:06:28.459Z] [debug][592714/rvboris]: Opens about section
[2019-05-06T00:06:28.462Z] [debug][592714/rvboris]: Enters contact scene
[2019-05-06T00:06:37.327Z] [debug][592714/rvboris]: Leaves contact scene
[2019-05-06T00:06:40.024Z] [debug][592714/rvboris]: Enters settings scene
[2019-05-06T00:08:06.314Z] [debug]Logging initialized at debug level
[2019-05-06T00:08:11.865Z] [debug][592714/rvboris]: Leaves settings scene
[2019-05-06T00:08:14.615Z] [debug][592714/rvboris]: Enters settings scene
[2019-05-06T00:09:03.469Z] [debug]Logging initialized at debug level
[2019-05-06T00:09:06.145Z] [debug][592714/rvboris]: Leaves settings scene
[2019-05-06T00:09:06.642Z] [debug][592714/rvboris]: Enters bot scene
[2019-05-06T00:09:09.923Z] [debug][592714/rvboris]: Leaves bot scene
[2019-05-06T00:09:13.205Z] [debug][592714/rvboris]: Enters settings scene
[2019-05-06T00:09:15.861Z] [debug][592714/rvboris]: Leaves settings scene
[2019-05-06T00:09:16.370Z] [debug][592714/rvboris]: Enters bot scene
[2019-05-06T00:28:13.358Z] [debug]Logging initialized at debug level
[2019-05-06T00:28:57.969Z] [debug][592714/rvboris]: Leaves bot scene
[2019-05-06T00:28:59.812Z] [debug][592714/rvboris]: Enters settings scene
[2019-05-06T00:29:05.335Z] [debug][592714/rvboris]: Leaves settings scene
[2019-05-06T00:29:05.642Z] [debug][592714/rvboris]: Enters bot scene
[2019-05-06T00:42:41.330Z] [debug]Logging initialized at debug level
[2019-05-06T00:42:49.459Z] [debug][592714/rvboris]: Leaves bot scene
[2019-05-06T00:42:51.298Z] [debug][592714/rvboris]: Enters settings scene
[2019-05-06T00:42:56.724Z] [debug][592714/rvboris]: Leaves settings scene
[2019-05-06T00:42:57.131Z] [debug][592714/rvboris]: Enters bot scene
[2019-05-06T00:50:50.511Z] [debug]Logging initialized at debug level
[2019-05-06T00:53:06.407Z] [debug]Logging initialized at debug level
[2019-05-06T00:54:47.238Z] [debug]Logging initialized at debug level
[2019-05-06T01:01:20.180Z] [debug]Logging initialized at debug level
[2019-05-06T01:05:56.412Z] [debug]Logging initialized at debug level
[2019-05-06T01:57:26.554Z] [debug]Logging initialized at debug level
[2019-05-06T01:59:55.635Z] [debug]Logging initialized at debug level
[2019-05-06T02:00:56.591Z] [debug]Logging initialized at debug level
[2019-05-06T02:02:47.639Z] [debug]Logging initialized at debug level
[2019-05-06T02:04:53.844Z] [debug]Logging initialized at debug level
[2019-05-06T02:06:37.138Z] [debug]Logging initialized at debug level
[2019-05-06T02:07:09.866Z] [debug]Logging initialized at debug level
[2019-05-06T02:08:39.169Z] [debug]Logging initialized at debug level
[2019-05-06T02:11:03.743Z] [debug]Logging initialized at debug level
[2019-05-06T02:14:19.379Z] [debug]Logging initialized at debug level
[2019-05-06T02:15:08.503Z] [debug]Logging initialized at debug level
[2019-05-06T02:16:14.111Z] [debug]Logging initialized at debug level
[2019-05-06T19:55:59.778Z] [debug]Logging initialized at debug level
[2019-05-06T19:56:10.030Z] [debug]Logging initialized at debug level
[2019-05-06T19:58:32.565Z] [debug]Logging initialized at debug level
[2019-05-06T19:59:42.723Z] [debug]Logging initialized at debug level
[2019-05-06T20:19:00.313Z] [debug]Logging initialized at debug level
[2019-05-06T20:24:11.472Z] [debug]Logging initialized at debug level
[2019-05-06T20:25:07.000Z] [debug]Logging initialized at debug level
[2019-05-06T20:26:44.642Z] [debug]Logging initialized at debug level
[2019-05-06T21:02:13.293Z] [debug]Logging initialized at debug level
[2019-05-06T21:07:09.591Z] [debug]Logging initialized at debug level
[2019-05-06T21:09:21.075Z] [debug]Logging initialized at debug level
[2019-05-06T21:17:42.089Z] [debug]Logging initialized at debug level
[2019-05-06T21:51:18.018Z] [debug]Logging initialized at debug level
[2019-05-06T21:52:03.827Z] [debug]Logging initialized at debug level
[2019-05-06T22:05:39.308Z] [debug]Logging initialized at debug level
[2019-05-06T22:05:56.662Z] [debug][592714/rvboris]: another callbackQuery happened 5 photo
[2019-05-06T22:06:13.900Z] [debug][592714/rvboris]: another callbackQuery happened 7 photo:a
[2019-05-06T22:06:19.841Z] [debug][592714/rvboris]: another callbackQuery happened 17 photo:img-Android
[2019-05-06T22:07:04.487Z] [debug]Logging initialized at debug level
[2019-05-06T22:07:13.090Z] [debug][592714/rvboris]: another callbackQuery happened 5 photo
[2019-05-06T22:07:21.334Z] [debug][592714/rvboris]: another callbackQuery happened 4 main
[2019-05-06T22:08:21.558Z] [debug][592714/rvboris]: another callbackQuery happened 4 s-en
[2019-05-06T22:17:35.096Z] [debug]Logging initialized at debug level
[2019-05-06T22:18:17.574Z] [debug][592714/rvboris]: another callbackQuery happened 4 l-ru
[2019-05-06T22:18:22.215Z] [debug][592714/rvboris]: another callbackQuery happened 4 l-ru
[2019-05-06T22:18:43.429Z] [debug][592714/rvboris]: another callbackQuery happened 4 l-en
[2019-05-06T22:19:34.989Z] [debug][592714/rvboris]: another callbackQuery happened 1 s
[2019-05-06T22:44:29.102Z] [debug]Logging initialized at debug level
[2019-05-06T22:44:41.403Z] [debug][592714/rvboris]: another callbackQuery happened 1 s
[2019-05-06T22:49:54.558Z] [debug]Logging initialized at debug level
[2019-05-06T22:50:08.168Z] [debug][592714/rvboris]: another callbackQuery happened 4 main
[2019-05-06T22:50:11.098Z] [debug][592714/rvboris]: another callbackQuery happened 1 s
[2019-05-06T22:51:15.405Z] [debug]Logging initialized at debug level
[2019-05-06T22:51:21.694Z] [debug][592714/rvboris]: another callbackQuery happened 1 s
[2019-05-06T22:51:24.159Z] [debug][592714/rvboris]: another callbackQuery happened 4 s:cl
[2019-05-06T22:51:30.803Z] [debug][592714/rvboris]: another callbackQuery happened 9 s:cl:l-ru
[2019-05-06T22:51:32.854Z] [debug][592714/rvboris]: another callbackQuery happened 9 s:cl:l-en
[2019-05-06T22:51:38.585Z] [debug][592714/rvboris]: another callbackQuery happened 1 s
[2019-05-06T22:51:41.862Z] [debug][592714/rvboris]: another callbackQuery happened 4 s:cl
[2019-05-06T22:51:44.627Z] [debug][592714/rvboris]: another callbackQuery happened 4 main
[2019-05-06T22:52:03.168Z] [debug][592714/rvboris]: another callbackQuery happened 9 s:img-iOS
[2019-05-06T22:57:30.437Z] [debug]Logging initialized at debug level
[2019-05-06T22:57:42.420Z] [debug][592714/rvboris]: another callbackQuery happened 1 a
[2019-05-06T22:58:32.696Z] [debug]Logging initialized at debug level
[2019-05-06T22:58:43.478Z] [debug][592714/rvboris]: another callbackQuery happened 1 a
[2019-05-06T22:58:46.621Z] [debug][592714/rvboris]: another callbackQuery happened 1 a
[2019-05-07T21:43:56.101Z] [debug]Logging initialized at debug level
[2019-05-07T21:44:27.668Z] [debug][592714/rvboris]: another callbackQuery happened 1 s
[2019-05-07T21:44:34.257Z] [debug][592714/rvboris]: another callbackQuery happened 4 s:cl
[2019-05-07T21:44:46.433Z] [debug][592714/rvboris]: another callbackQuery happened 1 s
[2019-05-07T21:51:42.012Z] [debug]Logging initialized at debug level
[2019-05-07T21:52:24.795Z] [debug][592714/rvboris]: another callbackQuery happened 1 s
[2019-05-07T21:56:56.907Z] [debug][592714/rvboris]: another callbackQuery happened 4 main
[2019-05-07T21:57:35.909Z] [debug]Logging initialized at debug level
[2019-05-07T21:57:45.370Z] [debug][592714/rvboris]: another callbackQuery happened 1 c
[2019-05-07T21:58:56.784Z] [debug]Logging initialized at debug level
[2019-05-07T21:59:06.180Z] [debug][592714/rvboris]: another callbackQuery happened 1 c
[2019-05-07T22:08:40.760Z] [debug]Logging initialized at debug level
[2019-05-07T22:08:50.983Z] [debug][592714/rvboris]: another callbackQuery happened 4 main
[2019-05-07T22:08:53.142Z] [debug][592714/rvboris]: another callbackQuery happened 1 c
[2019-05-07T22:27:22.929Z] [debug]Logging initialized at debug level
[2019-05-07T22:27:29.864Z] [debug][592714/rvboris]: another callbackQuery happened 1 c
[2019-05-07T23:06:02.794Z] [debug]Logging initialized at debug level
[2019-05-07T23:06:16.104Z] [debug][592714/rvboris]: another callbackQuery happened 1 c
[2019-05-07T23:07:37.884Z] [debug]Logging initialized at debug level
[2019-05-07T23:07:52.476Z] [debug][592714/rvboris]: another callbackQuery happened 1 c
[2019-05-07T23:09:30.405Z] [debug]Logging initialized at debug level
[2019-05-07T23:09:43.236Z] [debug][592714/rvboris]: another callbackQuery happened 1 c
[2019-05-07T23:14:14.529Z] [debug]Logging initialized at debug level
[2019-05-07T23:14:19.346Z] [debug][592714/rvboris]: another callbackQuery happened 1 c
[2019-05-07T23:15:20.958Z] [debug]Logging initialized at debug level
[2019-05-07T23:15:27.657Z] [debug][592714/rvboris]: another callbackQuery happened 1 c
[2019-05-07T23:16:55.377Z] [debug]Logging initialized at debug level
[2019-05-07T23:17:09.591Z] [debug][592714/rvboris]: another callbackQuery happened 1 c
[2019-05-07T23:19:13.755Z] [debug]Logging initialized at debug level
[2019-05-07T23:19:20.409Z] [debug][592714/rvboris]: another callbackQuery happened 1 c
[2019-05-07T23:20:30.529Z] [debug]Logging initialized at debug level
[2019-05-07T23:20:33.726Z] [debug][592714/rvboris]: another callbackQuery happened 1 c
[2019-05-07T23:21:42.128Z] [debug]Logging initialized at debug level
[2019-05-07T23:21:45.279Z] [debug][592714/rvboris]: another callbackQuery happened 1 c
[2019-05-07T23:22:44.017Z] [debug]Logging initialized at debug level
[2019-05-07T23:22:50.746Z] [debug][592714/rvboris]: another callbackQuery happened 1 c
[2019-05-07T23:35:01.857Z] [debug]Logging initialized at debug level
[2019-05-07T23:35:07.452Z] [debug][592714/rvboris]: another callbackQuery happened 1 s
[2019-05-07T23:35:11.616Z] [debug][592714/rvboris]: another callbackQuery happened 4 s:cl
[2019-05-07T23:35:14.359Z] [debug][592714/rvboris]: another callbackQuery happened 9 s:cl:l-en
[2019-05-07T23:35:16.584Z] [debug][592714/rvboris]: another callbackQuery happened 1 s
[2019-05-07T23:35:18.415Z] [debug][592714/rvboris]: another callbackQuery happened 4 main
[2019-05-07T23:35:22.550Z] [debug][592714/rvboris]: another callbackQuery happened 1 a
[2019-05-07T23:35:25.019Z] [debug][592714/rvboris]: another callbackQuery happened 1 s
[2019-05-07T23:35:26.894Z] [debug][592714/rvboris]: another callbackQuery happened 4 main
[2019-05-07T23:35:28.983Z] [debug][592714/rvboris]: another callbackQuery happened 1 c
[2019-05-07T23:37:24.592Z] [debug]Logging initialized at debug level
[2019-05-07T23:37:44.335Z] [debug][592714/rvboris]: another callbackQuery happened 1 c
[2019-05-07T23:38:26.370Z] [debug]Logging initialized at debug level
[2019-05-07T23:38:44.733Z] [debug][592714/rvboris]: another callbackQuery happened 1 c
[2019-05-07T23:39:02.499Z] [debug][592714/rvboris]: another callbackQuery happened 1 c
[2019-05-07T23:39:12.869Z] [debug][592714/rvboris]: another callbackQuery happened 1 c
[2019-05-07T23:39:38.650Z] [debug][592714/rvboris]: another callbackQuery happened 1 a
[2019-05-07T23:39:45.903Z] [debug][592714/rvboris]: another callbackQuery happened 1 s
[2019-05-07T23:39:50.338Z] [debug][592714/rvboris]: another callbackQuery happened 4 s:cl
[2019-05-07T23:39:52.635Z] [debug][592714/rvboris]: another callbackQuery happened 1 s
[2019-05-07T23:39:54.519Z] [debug][592714/rvboris]: another callbackQuery happened 4 main
[2019-05-13T01:38:47.432Z] [debug]Logging initialized at debug level
[2019-05-13T01:48:59.426Z] [debug]Logging initialized at debug level
[2019-05-13T01:52:41.285Z] [debug][592714/rvboris]: another callbackQuery happened 4 l-ru
[2019-05-13T01:52:43.919Z] [debug][592714/rvboris]: another callbackQuery happened 4 l-en
[2019-05-13T01:55:31.253Z] [debug]Logging initialized at debug level
[2019-05-13T01:55:36.188Z] [debug][592714/rvboris]: another callbackQuery happened 4 l-en
[2019-05-13T01:56:23.863Z] [debug][592714/rvboris]: another callbackQuery happened 1 s
[2019-05-13T01:56:27.951Z] [debug][592714/rvboris]: another callbackQuery happened 4 main
[2019-05-13T01:59:30.176Z] [debug]Logging initialized at debug level
[2019-05-13T02:00:16.137Z] [debug][592714/rvboris]: another callbackQuery happened 4 l-en
[2019-05-13T02:00:28.537Z] [debug][592714/rvboris]: another callbackQuery happened 4 l-en
[2019-05-13T02:01:37.832Z] [debug]Logging initialized at debug level
[2019-05-13T02:01:58.114Z] [debug][592714/rvboris]: another callbackQuery happened 4 l-en
[2019-05-13T02:02:19.638Z] [debug][592714/rvboris]: another callbackQuery happened 1 s
[2019-05-13T02:02:22.767Z] [debug][592714/rvboris]: another callbackQuery happened 4 main
[2019-05-13T02:02:28.643Z] [debug][592714/rvboris]: another callbackQuery happened 1 c
[2019-05-13T02:02:40.820Z] [debug][592714/rvboris]: another callbackQuery happened 1 a
[2019-05-13T02:02:46.151Z] [debug][592714/rvboris]: another callbackQuery happened 1 s
[2019-05-13T02:02:49.861Z] [debug][592714/rvboris]: another callbackQuery happened 4 main
[2019-05-13T02:02:52.911Z] [debug][592714/rvboris]: another callbackQuery happened 1 s
[2019-05-13T02:02:54.821Z] [debug][592714/rvboris]: another callbackQuery happened 4 s:cl
[2019-05-13T02:02:57.935Z] [debug][592714/rvboris]: another callbackQuery happened 9 s:cl:l-en
[2019-05-13T02:03:00.594Z] [debug][592714/rvboris]: another callbackQuery happened 4 main
[2019-05-13T02:04:55.186Z] [debug][592714/rvboris]: another callbackQuery happened 1 s
[2019-05-13T02:04:57.634Z] [debug][592714/rvboris]: another callbackQuery happened 4 main
[2019-05-13T02:06:18.945Z] [debug][592714/rvboris]: another callbackQuery happened 1 s
[2019-05-13T02:06:21.111Z] [debug][592714/rvboris]: another callbackQuery happened 4 s:cl
[2019-05-13T02:06:22.831Z] [debug][592714/rvboris]: another callbackQuery happened 9 s:cl:l-en
[2019-05-13T02:06:25.640Z] [debug][592714/rvboris]: another callbackQuery happened 4 main
[2019-05-13T02:07:56.779Z] [debug]Logging initialized at debug level
[2019-05-19T20:35:05.374Z] [debug]Logging initialized at debug level
[2019-05-19T20:41:23.198Z] [debug] Logging initialized at debug level
[2019-05-19T20:44:18.830Z] [debug] Logging initialized at debug level
[2019-05-19T20:52:42.476Z] [debug] Logging initialized at debug level
[2019-05-19T21:10:20.130Z] [debug] Logging initialized at debug level
[2019-05-19T21:10:58.398Z] [debug] Logging initialized at debug level
[2019-05-19T21:16:19.606Z] [debug] Logging initialized at debug level
[2019-05-19T21:19:39.476Z] [debug] Logging initialized at debug level
[2019-05-19T21:23:57.677Z] [debug] Logging initialized at debug level
[2019-05-19T21:24:55.454Z] [debug] Logging initialized at debug level
[2019-05-19T21:25:38.375Z] [error] [592714/rvboris]: QueryFailedError: update or delete on table "bot" violates foreign key constraint "FK_9ce4b6ec8528e96ff4b79d70ecc" on table "source"
[2019-05-19T21:28:36.501Z] [debug] Logging initialized at debug level
[2019-05-19T21:28:53.087Z] [error] [592714/rvboris]: TypeError: Cannot read property 'id' of null
[2019-05-19T21:32:12.417Z] [debug] Logging initialized at debug level
[2019-05-19T21:32:21.155Z] [error] [592714/rvboris]: undefined
[2019-05-19T21:32:55.113Z] [debug] Logging initialized at debug level
[2019-05-19T21:33:13.833Z] [error] [592714/rvboris]: undefined
[2019-05-19T21:57:39.275Z] [debug] Logging initialized at debug level
[2019-05-20T00:06:05.717Z] [debug] Logging initialized at debug level
[2019-05-20T00:07:25.165Z] [debug] Logging initialized at debug level
[2019-05-20T02:11:48.961Z] [debug] Logging initialized at debug level
[2019-05-20T02:12:31.088Z] [debug] Logging initialized at debug level
[2019-05-20T02:13:11.497Z] [debug] Logging initialized at debug level
[2019-05-20T02:35:03.599Z] [debug] Logging initialized at debug level
[2019-05-20T02:38:50.508Z] [debug] Logging initialized at debug level
[2019-05-20T02:40:09.817Z] [debug] Logging initialized at debug level
[2019-05-20T02:41:07.168Z] [debug] Logging initialized at debug level
[2019-05-20T02:49:07.235Z] [debug] Logging initialized at debug level
[2019-05-20T02:50:06.694Z] [debug] Logging initialized at debug level
[2019-05-25T23:30:15.445Z] [debug] Logging initialized at debug level
[2019-05-26T00:09:40.179Z] [debug] Logging initialized at debug level
[2019-05-26T00:10:43.045Z] [debug] Logging initialized at debug level
[2019-05-26T00:10:48.305Z] [error] : QueryFailedError: invalid input syntax for integer: "{"7"}"
    at new QueryFailedError (/Users/rbs/mygit/streamix/node_modules/typeorm/error/QueryFailedError.js:11:28)
    at Query.callback (/Users/rbs/mygit/streamix/node_modules/typeorm/driver/postgres/PostgresQueryRunner.js:176:38)
    at Query.handleError (/Users/rbs/mygit/streamix/node_modules/pg/lib/query.js:142:17)
    at Connection.connectedErrorMessageHandler (/Users/rbs/mygit/streamix/node_modules/pg/lib/client.js:183:17)
    at Connection.emit (events.js:193:13)
    at Socket.<anonymous> (/Users/rbs/mygit/streamix/node_modules/pg/lib/connection.js:125:12)
    at Socket.emit (events.js:193:13)
    at addChunk (_stream_readable.js:295:12)
    at readableAddChunk (_stream_readable.js:276:11)
    at Socket.Readable.push (_stream_readable.js:231:10)
[2019-05-26T00:10:53.323Z] [error] : QueryFailedError: invalid input syntax for integer: "{"7"}"
    at new QueryFailedError (/Users/rbs/mygit/streamix/node_modules/typeorm/error/QueryFailedError.js:11:28)
    at Query.callback (/Users/rbs/mygit/streamix/node_modules/typeorm/driver/postgres/PostgresQueryRunner.js:176:38)
    at Query.handleError (/Users/rbs/mygit/streamix/node_modules/pg/lib/query.js:142:17)
    at Connection.connectedErrorMessageHandler (/Users/rbs/mygit/streamix/node_modules/pg/lib/client.js:183:17)
    at Connection.emit (events.js:193:13)
    at Socket.<anonymous> (/Users/rbs/mygit/streamix/node_modules/pg/lib/connection.js:125:12)
    at Socket.emit (events.js:193:13)
    at addChunk (_stream_readable.js:295:12)
    at readableAddChunk (_stream_readable.js:276:11)
    at Socket.Readable.push (_stream_readable.js:231:10)
[2019-05-26T00:11:52.607Z] [debug] Logging initialized at debug level
[2019-05-26T00:15:34.165Z] [debug] Logging initialized at debug level
[2019-05-26T00:15:39.416Z] [error] : QueryFailedError: invalid input syntax for integer: "{"7"}"
    at new QueryFailedError (/Users/rbs/mygit/streamix/node_modules/typeorm/error/QueryFailedError.js:11:28)
    at Query.callback (/Users/rbs/mygit/streamix/node_modules/typeorm/driver/postgres/PostgresQueryRunner.js:176:38)
    at Query.handleError (/Users/rbs/mygit/streamix/node_modules/pg/lib/query.js:142:17)
    at Connection.connectedErrorMessageHandler (/Users/rbs/mygit/streamix/node_modules/pg/lib/client.js:183:17)
    at Connection.emit (events.js:193:13)
    at Socket.<anonymous> (/Users/rbs/mygit/streamix/node_modules/pg/lib/connection.js:125:12)
    at Socket.emit (events.js:193:13)
    at addChunk (_stream_readable.js:295:12)
    at readableAddChunk (_stream_readable.js:276:11)
    at Socket.Readable.push (_stream_readable.js:231:10)
[2019-05-26T00:17:36.560Z] [debug] Logging initialized at debug level
[2019-05-26T00:17:41.857Z] [error] : QueryFailedError: syntax error at or near "ANY"
    at new QueryFailedError (/Users/rbs/mygit/streamix/node_modules/typeorm/error/QueryFailedError.js:11:28)
    at Query.callback (/Users/rbs/mygit/streamix/node_modules/typeorm/driver/postgres/PostgresQueryRunner.js:176:38)
    at Query.handleError (/Users/rbs/mygit/streamix/node_modules/pg/lib/query.js:142:17)
    at Connection.connectedErrorMessageHandler (/Users/rbs/mygit/streamix/node_modules/pg/lib/client.js:183:17)
    at Connection.emit (events.js:193:13)
    at Socket.<anonymous> (/Users/rbs/mygit/streamix/node_modules/pg/lib/connection.js:125:12)
    at Socket.emit (events.js:193:13)
    at addChunk (_stream_readable.js:295:12)
    at readableAddChunk (_stream_readable.js:276:11)
    at Socket.Readable.push (_stream_readable.js:231:10)
[2019-05-26T00:20:19.215Z] [debug] Logging initialized at debug level
[2019-05-26T01:09:03.383Z] [debug] Logging initialized at debug level
[2019-05-26T01:32:08.314Z] [debug] Logging initialized at debug level
[2019-05-26T01:32:38.536Z] [debug] : worker: start iteration 1
[2019-05-26T01:32:38.553Z] [debug] : worker: total 1 users
[2019-05-26T01:32:38.553Z] [debug] : worker: get next users group
[2019-05-26T01:32:38.562Z] [debug] : worker: working on user 1
[2019-05-26T01:32:38.571Z] [debug] : worker: total of user sources 1
[2019-05-26T01:32:38.571Z] [debug] : worker: check user sources
[2019-05-26T01:32:38.571Z] [debug] : worker: update sources check time
[2019-05-26T01:32:38.583Z] [debug] : worker: start sending
[2019-05-26T01:32:38.583Z] [debug] : worker: send 0 by 7 bot
[2019-05-26T01:32:38.583Z] [debug] : worker: sending is finished
[2019-05-26T01:32:38.584Z] [debug] : worker: iteration 1 is finished
[2019-05-26T01:33:08.587Z] [debug] : worker: start iteration 2
[2019-05-26T01:33:08.599Z] [debug] : worker: total 1 users
[2019-05-26T01:33:08.599Z] [debug] : worker: get next users group
[2019-05-26T01:33:08.601Z] [debug] : worker: working on user 1
[2019-05-26T01:33:08.606Z] [debug] : worker: total of user sources 1
[2019-05-26T01:33:08.606Z] [debug] : worker: check user sources
[2019-05-26T01:33:08.606Z] [debug] : worker: update sources check time
[2019-05-26T01:33:08.615Z] [debug] : worker: start sending
[2019-05-26T01:33:08.616Z] [debug] : worker: send 0 by 7 bot
[2019-05-26T01:33:08.616Z] [debug] : worker: sending is finished
[2019-05-26T01:33:08.616Z] [debug] : worker: iteration 2 is finished
[2019-05-26T01:33:38.616Z] [debug] : worker: start iteration 3
[2019-05-26T01:33:38.625Z] [debug] : worker: total 1 users
[2019-05-26T01:33:38.625Z] [debug] : worker: get next users group
[2019-05-26T01:33:38.627Z] [debug] : worker: working on user 1
[2019-05-26T01:33:38.631Z] [debug] : worker: total of user sources 1
[2019-05-26T01:33:38.631Z] [debug] : worker: check user sources
[2019-05-26T01:33:38.631Z] [debug] : worker: update sources check time
[2019-05-26T01:33:38.635Z] [debug] : worker: start sending
[2019-05-26T01:33:38.635Z] [debug] : worker: send 0 by 7 bot
[2019-05-26T01:33:38.635Z] [debug] : worker: sending is finished
[2019-05-26T01:33:38.635Z] [debug] : worker: iteration 3 is finished
[2019-05-26T01:34:08.640Z] [debug] : worker: start iteration 4
[2019-05-26T01:34:08.653Z] [debug] : worker: total 1 users
[2019-05-26T01:34:08.653Z] [debug] : worker: get next users group
[2019-05-26T01:34:08.656Z] [debug] : worker: working on user 1
[2019-05-26T01:34:08.662Z] [debug] : worker: total of user sources 1
[2019-05-26T01:34:08.662Z] [debug] : worker: check user sources
[2019-05-26T01:34:08.663Z] [debug] : worker: update sources check time
[2019-05-26T01:34:08.668Z] [debug] : worker: start sending
[2019-05-26T01:34:08.669Z] [debug] : worker: send 0 by 7 bot
[2019-05-26T01:34:08.669Z] [debug] : worker: sending is finished
[2019-05-26T01:34:08.669Z] [debug] : worker: iteration 4 is finished
[2019-05-26T01:34:38.672Z] [debug] : worker: start iteration 5
[2019-05-26T01:34:38.683Z] [debug] : worker: total 1 users
[2019-05-26T01:34:38.684Z] [debug] : worker: get next users group
[2019-05-26T01:34:38.686Z] [debug] : worker: working on user 1
[2019-05-26T01:34:38.691Z] [debug] : worker: total of user sources 1
[2019-05-26T01:34:38.691Z] [debug] : worker: check user sources
[2019-05-26T01:34:38.691Z] [debug] : worker: update sources check time
[2019-05-26T01:34:38.695Z] [debug] : worker: start sending
[2019-05-26T01:34:38.695Z] [debug] : worker: send 0 by 7 bot
[2019-05-26T01:34:38.696Z] [debug] : worker: sending is finished
[2019-05-26T01:34:38.696Z] [debug] : worker: iteration 5 is finished
[2019-05-26T01:35:46.200Z] [debug] Logging initialized at debug level
[2019-05-26T01:36:16.414Z] [debug] : worker: start iteration 1
[2019-05-26T01:36:16.433Z] [debug] : worker: total 1 users
[2019-05-26T01:36:16.434Z] [debug] : worker: get next users group
[2019-05-26T01:36:16.441Z] [debug] : worker: working on user 1
[2019-05-26T01:36:16.449Z] [debug] : worker: total of user sources 1
[2019-05-26T01:36:16.449Z] [debug] : worker: check user sources
[2019-05-26T01:36:16.449Z] [debug] : worker: parse source 8
[2019-05-26T01:36:16.752Z] [debug] : worker: total of new feeds 10 of source 8
[2019-05-26T01:36:16.753Z] [debug] : worker: update sources check time
[2019-05-26T01:36:16.766Z] [debug] : worker: start sending
[2019-05-26T01:36:16.766Z] [debug] : worker: send 10 by 7 bot
[2019-05-26T01:36:23.097Z] [debug] : worker: sending is finished
[2019-05-26T01:36:23.097Z] [debug] : worker: iteration 1 is finished
[2019-05-26T01:36:53.099Z] [debug] : worker: start iteration 2
[2019-05-26T01:36:53.112Z] [debug] : worker: total 1 users
[2019-05-26T01:36:53.112Z] [debug] : worker: get next users group
[2019-05-26T01:36:53.114Z] [debug] : worker: working on user 1
[2019-05-26T01:36:53.119Z] [debug] : worker: total of user sources 1
[2019-05-26T01:36:53.119Z] [debug] : worker: check user sources
[2019-05-26T01:36:53.119Z] [debug] : worker: parse source 8
[2019-05-26T01:36:53.428Z] [debug] : worker: total of new feeds 10 of source 8
[2019-05-26T01:36:53.428Z] [debug] : worker: update sources check time
[2019-05-26T01:36:53.434Z] [debug] : worker: start sending
[2019-05-26T01:36:53.434Z] [debug] : worker: send 10 by 7 bot
[2019-05-26T01:36:59.102Z] [debug] : worker: sending is finished
[2019-05-26T01:36:59.102Z] [debug] : worker: iteration 2 is finished
[2019-05-26T13:17:39.581Z] [debug] Logging initialized at debug level
[2019-05-26T13:17:48.739Z] [debug] [592714/rvboris]: another callbackQuery happened test
[2019-05-26T13:18:10.331Z] [debug] : worker: start iteration 1
[2019-05-26T13:18:10.343Z] [debug] : worker: total 1 users
[2019-05-26T13:18:10.343Z] [debug] : worker: get next users group
[2019-05-26T13:18:10.352Z] [debug] : worker: working on user 1
[2019-05-26T13:18:10.358Z] [debug] : worker: total of user sources 1
[2019-05-26T13:18:10.358Z] [debug] : worker: check user sources
[2019-05-26T13:18:10.359Z] [debug] : worker: parse source 8
[2019-05-26T13:18:10.774Z] [debug] : worker: total of new feeds 10 of source 8
[2019-05-26T13:18:10.774Z] [debug] : worker: update sources check time
[2019-05-26T13:18:10.788Z] [debug] : worker: start sending
[2019-05-26T13:18:10.789Z] [debug] : worker: send 10 by 7 bot
[2019-05-26T13:18:17.351Z] [debug] : worker: sending is finished
[2019-05-26T13:18:17.351Z] [debug] : worker: iteration 1 is finished
[2019-05-26T13:18:47.356Z] [debug] : worker: start iteration 2
[2019-05-26T13:18:47.369Z] [debug] : worker: total 1 users
[2019-05-26T13:18:47.369Z] [debug] : worker: get next users group
[2019-05-26T13:18:47.372Z] [debug] : worker: working on user 1
[2019-05-26T13:18:47.376Z] [debug] : worker: total of user sources 1
[2019-05-26T13:18:47.376Z] [debug] : worker: check user sources
[2019-05-26T13:18:47.376Z] [debug] : worker: parse source 8
[2019-05-26T13:18:47.768Z] [debug] : worker: total of new feeds 10 of source 8
[2019-05-26T13:18:47.768Z] [debug] : worker: update sources check time
[2019-05-26T13:18:47.772Z] [debug] : worker: start sending
[2019-05-26T13:18:47.772Z] [debug] : worker: send 10 by 7 bot
[2019-05-26T13:18:52.595Z] [debug] : worker: sending is finished
[2019-05-26T13:18:52.595Z] [debug] : worker: iteration 2 is finished
[2019-05-26T13:19:22.599Z] [debug] : worker: start iteration 3
[2019-05-26T13:19:22.611Z] [debug] : worker: total 1 users
[2019-05-26T13:19:22.612Z] [debug] : worker: get next users group
[2019-05-26T13:19:22.614Z] [debug] : worker: working on user 1
[2019-05-26T13:19:22.619Z] [debug] : worker: total of user sources 1
[2019-05-26T13:19:22.619Z] [debug] : worker: check user sources
[2019-05-26T13:19:22.619Z] [debug] : worker: parse source 8
[2019-05-26T13:19:22.951Z] [debug] : worker: total of new feeds 10 of source 8
[2019-05-26T13:19:22.952Z] [debug] : worker: update sources check time
[2019-05-26T13:19:22.956Z] [debug] : worker: start sending
[2019-05-26T13:19:22.957Z] [debug] : worker: send 10 by 7 bot
[2019-05-26T13:19:29.175Z] [debug] : worker: sending is finished
[2019-05-26T13:19:29.175Z] [debug] : worker: iteration 3 is finished
[2019-05-26T13:34:46.939Z] [debug] Logging initialized at debug level
[2019-05-26T13:35:17.155Z] [debug] : worker: start iteration 1
[2019-05-26T13:35:17.158Z] [debug] : worker: total 1 users
[2019-05-26T13:35:17.158Z] [debug] : worker: get next users group
[2019-05-26T13:35:17.161Z] [debug] : worker: working on user 1
[2019-05-26T13:35:17.166Z] [debug] : worker: total of user sources 1
[2019-05-26T13:35:17.167Z] [debug] : worker: check user sources
[2019-05-26T13:35:17.167Z] [debug] : worker: parse source 8
[2019-05-26T13:35:17.537Z] [debug] : worker: total of new feeds 10 of source 8
[2019-05-26T13:35:17.538Z] [debug] : worker: update sources check time
[2019-05-26T13:35:17.554Z] [debug] : worker: start sending
[2019-05-26T13:35:17.554Z] [debug] : worker: send 10 by 7 bot
[2019-05-26T13:35:23.154Z] [debug] : worker: sending is finished
[2019-05-26T13:35:23.154Z] [debug] : worker: iteration 1 is finished
[2019-05-26T13:35:37.412Z] [debug] Logging initialized at debug level
[2019-05-26T13:36:07.624Z] [debug] : worker: start iteration 1
[2019-05-26T13:36:07.636Z] [debug] : worker: total 1 users
[2019-05-26T13:36:07.636Z] [debug] : worker: get next users group
[2019-05-26T13:36:07.639Z] [debug] : worker: working on user 1
[2019-05-26T13:36:07.645Z] [debug] : worker: total of user sources 1
[2019-05-26T13:36:07.645Z] [debug] : worker: check user sources
[2019-05-26T13:36:07.646Z] [debug] : worker: parse source 8
[2019-05-26T13:36:07.987Z] [debug] : worker: total of new feeds 10 of source 8
[2019-05-26T13:36:07.987Z] [debug] : worker: update sources check time
[2019-05-26T13:36:07.998Z] [debug] : worker: start sending
[2019-05-26T13:36:07.999Z] [debug] : worker: send 10 by 7 bot
[2019-05-26T13:36:13.642Z] [debug] : worker: sending is finished
[2019-05-26T13:36:13.642Z] [debug] : worker: iteration 1 is finished
[2019-05-26T13:36:43.820Z] [debug] Logging initialized at debug level
[2019-05-26T13:37:14.025Z] [debug] : worker: start iteration 1
[2019-05-26T13:37:14.030Z] [debug] : worker: total 1 users
[2019-05-26T13:37:14.030Z] [debug] : worker: get next users group
[2019-05-26T13:37:14.032Z] [debug] : worker: working on user 1
[2019-05-26T13:37:14.039Z] [debug] : worker: total of user sources 1
[2019-05-26T13:37:14.039Z] [debug] : worker: check user sources
[2019-05-26T13:37:14.039Z] [debug] : worker: parse source 8
[2019-05-26T13:37:14.858Z] [debug] : worker: total of new feeds 10 of source 8
[2019-05-26T13:37:14.859Z] [debug] : worker: update sources check time
[2019-05-26T13:37:14.869Z] [debug] : worker: start sending
[2019-05-26T13:37:14.869Z] [debug] : worker: send 10 by 7 bot
[2019-05-26T13:37:20.405Z] [debug] : worker: sending is finished
[2019-05-26T13:37:20.406Z] [debug] : worker: iteration 1 is finished
[2019-05-26T13:37:50.410Z] [debug] : worker: start iteration 2
[2019-05-26T13:37:50.421Z] [debug] : worker: total 1 users
[2019-05-26T13:37:50.421Z] [debug] : worker: get next users group
[2019-05-26T13:37:50.424Z] [debug] : worker: working on user 1
[2019-05-26T13:37:50.429Z] [debug] : worker: total of user sources 1
[2019-05-26T13:37:50.429Z] [debug] : worker: check user sources
[2019-05-26T13:37:50.429Z] [debug] : worker: parse source 8
[2019-05-26T13:37:50.827Z] [debug] : worker: total of new feeds 10 of source 8
[2019-05-26T13:37:50.827Z] [debug] : worker: update sources check time
[2019-05-26T13:37:50.836Z] [debug] : worker: start sending
[2019-05-26T13:37:50.836Z] [debug] : worker: send 10 by 7 bot
[2019-05-26T13:37:55.534Z] [debug] : worker: sending is finished
[2019-05-26T13:37:55.535Z] [debug] : worker: iteration 2 is finished
[2019-05-26T13:43:26.649Z] [debug] Logging initialized at debug level
[2019-05-26T20:56:31.600Z] [debug] Logging initialized at debug level
[2019-05-26T20:56:51.431Z] [debug] [592714/rvboris]: another callbackQuery happened Coke
[2019-05-26T20:57:01.824Z] [debug] : worker: start iteration 1
[2019-05-26T20:57:01.836Z] [debug] : worker: total 1 users
[2019-05-26T20:57:01.836Z] [debug] : worker: get next users group
[2019-05-26T20:57:01.838Z] [debug] : worker: working on user 1
[2019-05-26T20:57:01.845Z] [debug] : worker: total of user sources 1
[2019-05-26T20:57:01.846Z] [debug] : worker: check user sources
[2019-05-26T20:57:01.846Z] [debug] : worker: parse source 8
[2019-05-26T20:57:02.310Z] [debug] : worker: total of new feeds 10 of source 8
[2019-05-26T20:57:02.310Z] [debug] : worker: update sources check time
[2019-05-26T20:57:02.324Z] [debug] : worker: start sending
[2019-05-26T20:57:02.325Z] [debug] : worker: send 10 by 7 bot
[2019-05-26T20:57:08.306Z] [debug] : worker: sending is finished
[2019-05-26T20:57:08.306Z] [debug] : worker: iteration 1 is finished
[2019-05-26T20:58:26.640Z] [debug] Logging initialized at debug level
[2019-05-26T20:58:56.849Z] [debug] : worker: start iteration 1
[2019-05-26T20:58:56.861Z] [debug] : worker: total 1 users
[2019-05-26T20:58:56.861Z] [debug] : worker: get next users group
[2019-05-26T20:58:56.863Z] [debug] : worker: working on user 1
[2019-05-26T20:58:56.872Z] [debug] : worker: total of user sources 1
[2019-05-26T20:58:56.872Z] [debug] : worker: check user sources
[2019-05-26T20:58:56.873Z] [debug] : worker: parse source 8
[2019-05-26T20:58:57.177Z] [debug] : worker: total of new feeds 10 of source 8
[2019-05-26T20:58:57.177Z] [debug] : worker: update sources check time
[2019-05-26T20:58:57.189Z] [debug] : worker: start sending
[2019-05-26T20:58:57.189Z] [debug] : worker: send 10 by 7 bot
[2019-05-26T20:59:03.242Z] [debug] : worker: sending is finished
[2019-05-26T20:59:03.242Z] [debug] : worker: iteration 1 is finished
[2019-05-26T20:59:59.402Z] [debug] Logging initialized at debug level
[2019-05-26T21:00:29.630Z] [debug] : worker: start iteration 1
[2019-05-26T21:00:29.645Z] [debug] : worker: total 1 users
[2019-05-26T21:00:29.645Z] [debug] : worker: get next users group
[2019-05-26T21:00:29.648Z] [debug] : worker: working on user 1
[2019-05-26T21:00:29.656Z] [debug] : worker: total of user sources 1
[2019-05-26T21:00:29.656Z] [debug] : worker: check user sources
[2019-05-26T21:00:29.656Z] [debug] : worker: parse source 8
[2019-05-26T21:00:30.081Z] [debug] : worker: total of new feeds 10 of source 8
[2019-05-26T21:00:30.081Z] [debug] : worker: update sources check time
[2019-05-26T21:00:30.090Z] [debug] : worker: start sending
[2019-05-26T21:00:30.090Z] [debug] : worker: send 10 by 7 bot
[2019-05-26T21:00:36.138Z] [debug] : worker: sending is finished
[2019-05-26T21:00:36.138Z] [debug] : worker: iteration 1 is finished
[2019-05-26T21:01:06.143Z] [debug] : worker: start iteration 2
[2019-05-26T21:01:06.154Z] [debug] : worker: total 1 users
[2019-05-26T21:01:06.154Z] [debug] : worker: get next users group
[2019-05-26T21:01:06.158Z] [debug] : worker: working on user 1
[2019-05-26T21:01:06.162Z] [debug] : worker: total of user sources 1
[2019-05-26T21:01:06.163Z] [debug] : worker: check user sources
[2019-05-26T21:01:06.163Z] [debug] : worker: parse source 8
[2019-05-26T21:01:06.627Z] [debug] : worker: total of new feeds 10 of source 8
[2019-05-26T21:01:06.627Z] [debug] : worker: update sources check time
[2019-05-26T21:01:06.632Z] [debug] : worker: start sending
[2019-05-26T21:01:06.632Z] [debug] : worker: send 10 by 7 bot
[2019-05-26T21:01:51.866Z] [debug] Logging initialized at debug level
[2019-05-26T21:02:22.085Z] [debug] : worker: start iteration 1
[2019-05-26T21:02:22.088Z] [debug] : worker: total 1 users
[2019-05-26T21:02:22.088Z] [debug] : worker: get next users group
[2019-05-26T21:02:22.090Z] [debug] : worker: working on user 1
[2019-05-26T21:02:22.097Z] [debug] : worker: total of user sources 1
[2019-05-26T21:02:22.097Z] [debug] : worker: check user sources
[2019-05-26T21:02:22.097Z] [debug] : worker: parse source 8
[2019-05-26T21:02:22.412Z] [debug] : worker: total of new feeds 10 of source 8
[2019-05-26T21:02:22.412Z] [debug] : worker: update sources check time
[2019-05-26T21:02:22.422Z] [debug] : worker: start sending
[2019-05-26T21:02:22.422Z] [debug] : worker: send 10 by 7 bot
[2019-05-26T21:02:28.500Z] [debug] : worker: sending is finished
[2019-05-26T21:02:28.501Z] [debug] : worker: iteration 1 is finished
[2019-05-26T21:02:58.506Z] [debug] : worker: start iteration 2
[2019-05-26T21:02:58.518Z] [debug] : worker: total 1 users
[2019-05-26T21:02:58.518Z] [debug] : worker: get next users group
[2019-05-26T21:02:58.520Z] [debug] : worker: working on user 1
[2019-05-26T21:02:58.525Z] [debug] : worker: total of user sources 1
[2019-05-26T21:02:58.525Z] [debug] : worker: check user sources
[2019-05-26T21:02:58.525Z] [debug] : worker: parse source 8
[2019-05-26T21:02:58.861Z] [debug] : worker: total of new feeds 10 of source 8
[2019-05-26T21:02:58.861Z] [debug] : worker: update sources check time
[2019-05-26T21:02:58.867Z] [debug] : worker: start sending
[2019-05-26T21:02:58.867Z] [debug] : worker: send 10 by 7 bot
[2019-05-26T21:03:04.768Z] [debug] : worker: sending is finished
[2019-05-26T21:03:04.768Z] [debug] : worker: iteration 2 is finished
[2019-05-26T21:08:02.596Z] [debug] Logging initialized at debug level
[2019-05-26T21:08:32.799Z] [debug] : worker: start iteration 1
[2019-05-26T21:08:32.818Z] [debug] : worker: total 1 users
[2019-05-26T21:08:32.818Z] [debug] : worker: get next users group
[2019-05-26T21:08:32.822Z] [debug] : worker: working on user 1
[2019-05-26T21:08:32.837Z] [debug] : worker: total of user sources 1
[2019-05-26T21:08:32.838Z] [debug] : worker: check user sources
[2019-05-26T21:08:32.838Z] [debug] : worker: parse source 8
[2019-05-26T21:08:33.147Z] [debug] : worker: total of new feeds 10 of source 8
[2019-05-26T21:08:33.148Z] [debug] : worker: update sources check time
[2019-05-26T21:08:33.162Z] [debug] : worker: start sending
[2019-05-26T21:08:33.163Z] [debug] : worker: send 10 by 7 bot
[2019-05-26T21:15:16.450Z] [debug] Logging initialized at debug level
[2019-05-26T21:15:59.703Z] [debug] Logging initialized at debug level
[2019-05-26T21:32:41.253Z] [debug] Logging initialized at debug level
[2019-05-26T21:34:24.349Z] [debug] Logging initialized at debug level
[2019-05-26T22:17:34.490Z] [debug] Logging initialized at debug level
[2019-05-26T22:31:44.666Z] [debug] Logging initialized at debug level
[2019-05-26T22:33:00.631Z] [debug] Logging initialized at debug level
[2019-05-26T22:34:48.727Z] [debug] Logging initialized at debug level
[2019-05-26T22:45:35.629Z] [debug] Logging initialized at debug level
[2019-05-26T23:40:11.730Z] [debug] Logging initialized at debug level
[2019-05-26T23:41:04.225Z] [debug] Logging initialized at debug level
[2019-05-27T21:01:07.449Z] [debug] Logging initialized at debug level
[2019-05-27T21:02:02.545Z] [debug] Logging initialized at debug level
[2019-05-27T21:03:19.270Z] [debug] Logging initialized at debug level
[2019-05-27T21:21:10.802Z] [debug] Logging initialized at debug level
[2019-05-27T21:22:01.321Z] [debug] Logging initialized at debug level
[2019-05-27T21:23:19.797Z] [debug] Logging initialized at debug level
[2019-05-27T21:24:06.562Z] [debug] Logging initialized at debug level
[2019-05-27T21:25:08.578Z] [debug] Logging initialized at debug level
[2019-05-27T21:27:49.075Z] [debug] Logging initialized at debug level
[2019-05-27T21:30:56.585Z] [debug] Logging initialized at debug level
[2019-05-27T21:32:26.224Z] [debug] Logging initialized at debug level
[2019-05-27T21:36:13.388Z] [debug] Logging initialized at debug level
[2019-05-27T21:44:22.833Z] [debug] Logging initialized at debug level
[2019-05-27T21:48:09.233Z] [debug] Logging initialized at debug level
[2019-05-27T21:50:25.708Z] [debug] Logging initialized at debug level
[2019-05-27T21:51:58.172Z] [debug] Logging initialized at debug level
[2019-05-27T21:52:53.868Z] [debug] Logging initialized at debug level
[2019-05-27T21:54:00.791Z] [debug] Logging initialized at debug level
[2019-05-27T21:55:06.612Z] [debug] Logging initialized at debug level
[2019-05-27T21:56:15.145Z] [debug] Logging initialized at debug level
[2019-05-27T21:57:05.540Z] [debug] Logging initialized at debug level
[2019-05-27T21:58:56.604Z] [debug] Logging initialized at debug level
[2019-05-27T22:03:27.573Z] [debug] Logging initialized at debug level
[2019-05-30T21:39:27.241Z] [debug] Logging initialized at debug level
[2019-05-30T21:41:47.746Z] [debug] Logging initialized at debug level
[2019-05-30T21:44:25.248Z] [debug] Logging initialized at debug level
[2019-05-30T22:05:29.976Z] [debug] Logging initialized at debug level
[2019-05-30T23:24:26.866Z] [debug] Logging initialized at debug level
[2019-05-30T23:24:57.106Z] [debug] : worker: start iteration 1
[2019-05-30T23:24:57.109Z] [debug] : worker: total 1 users
[2019-05-30T23:24:57.109Z] [debug] : worker: get next users group
[2019-05-30T23:24:57.112Z] [debug] : worker: working on user 1
[2019-05-30T23:24:57.112Z] [error] : Error: Relation with property path channel in entity was not found.
    at JoinAttribute.getValue (/Users/rbs/mygit/streamix/node_modules/typeorm/query-builder/JoinAttribute.js:139:27)
    at JoinAttribute.get [as relation] (/Users/rbs/mygit/streamix/node_modules/typeorm/query-builder/JoinAttribute.js:141:57)
    at JoinAttribute.get [as metadata] (/Users/rbs/mygit/streamix/node_modules/typeorm/query-builder/JoinAttribute.js:156:22)
    at SelectQueryBuilder.join (/Users/rbs/mygit/streamix/node_modules/typeorm/query-builder/SelectQueryBuilder.js:902:27)
    at SelectQueryBuilder.leftJoin (/Users/rbs/mygit/streamix/node_modules/typeorm/query-builder/SelectQueryBuilder.js:142:14)
    at SelectQueryBuilder.leftJoinAndSelect (/Users/rbs/mygit/streamix/node_modules/typeorm/query-builder/SelectQueryBuilder.js:164:14)
    at interval_promise_1.default (/Users/rbs/mygit/streamix/dist/worker.js:24:26)
    at processTicksAndRejections (internal/process/task_queues.js:86:5)
[2019-05-30T23:24:57.113Z] [debug] : worker: iteration 1 is finished
[2019-05-30T23:30:17.632Z] [debug] Logging initialized at debug level
[2019-05-30T23:30:47.867Z] [debug] : worker: start iteration 1
[2019-05-30T23:30:47.882Z] [debug] : worker: total 1 users
[2019-05-30T23:30:47.882Z] [debug] : worker: get next users group
[2019-05-30T23:30:47.888Z] [debug] : worker: working on user 1
[2019-05-30T23:30:47.890Z] [error] : Error: "bots" alias was not found. Maybe you forgot to join it?
    at QueryExpressionMap.findAliasByName (/Users/rbs/mygit/streamix/node_modules/typeorm/query-builder/QueryExpressionMap.js:212:19)
    at JoinAttribute.getValue (/Users/rbs/mygit/streamix/node_modules/typeorm/query-builder/JoinAttribute.js:128:75)
    at JoinAttribute.get [as relation] (/Users/rbs/mygit/streamix/node_modules/typeorm/query-builder/JoinAttribute.js:141:57)
    at JoinAttribute.get [as metadata] (/Users/rbs/mygit/streamix/node_modules/typeorm/query-builder/JoinAttribute.js:156:22)
    at SelectQueryBuilder.join (/Users/rbs/mygit/streamix/node_modules/typeorm/query-builder/SelectQueryBuilder.js:902:27)
    at SelectQueryBuilder.innerJoin (/Users/rbs/mygit/streamix/node_modules/typeorm/query-builder/SelectQueryBuilder.js:132:14)
    at SelectQueryBuilder.innerJoinAndSelect (/Users/rbs/mygit/streamix/node_modules/typeorm/query-builder/SelectQueryBuilder.js:153:14)
    at interval_promise_1.default (/Users/rbs/mygit/streamix/dist/worker.js:24:26)
    at processTicksAndRejections (internal/process/task_queues.js:86:5)
[2019-05-30T23:30:47.890Z] [debug] : worker: iteration 1 is finished
[2019-05-30T23:32:32.414Z] [debug] Logging initialized at debug level
[2019-05-30T23:33:02.660Z] [debug] : worker: start iteration 1
[2019-05-30T23:33:02.674Z] [debug] : worker: total 1 users
[2019-05-30T23:33:02.674Z] [debug] : worker: get next users group
[2019-05-30T23:33:02.680Z] [debug] : worker: working on user 1
[2019-05-30T23:33:02.689Z] [debug] : worker: total of user sources 0
[2019-05-30T23:33:02.690Z] [debug] : worker: check user sources
[2019-05-30T23:33:02.690Z] [debug] : worker: update sources check time
[2019-05-30T23:33:02.704Z] [debug] : worker: start sending
[2019-05-30T23:33:02.704Z] [debug] : worker: sending is finished
[2019-05-30T23:33:02.704Z] [debug] : worker: iteration 1 is finished
[2019-05-30T23:33:55.619Z] [debug] Logging initialized at debug level
[2019-05-30T23:34:25.864Z] [debug] : worker: start iteration 1
[2019-05-30T23:34:25.880Z] [debug] : worker: total 1 users
[2019-05-30T23:34:25.880Z] [debug] : worker: get next users group
[2019-05-30T23:34:25.890Z] [debug] : worker: working on user 1
[2019-05-30T23:34:25.902Z] [debug] : worker: total of user sources 1
[2019-05-30T23:34:25.902Z] [debug] : worker: check user sources
[2019-05-30T23:34:25.902Z] [debug] : worker: bot 1 has no channels
[2019-05-30T23:34:25.902Z] [debug] : worker: update sources check time
[2019-05-30T23:34:25.912Z] [debug] : worker: start sending
[2019-05-30T23:34:25.912Z] [debug] : worker: send 0 by 1 bot
[2019-05-30T23:34:25.914Z] [debug] : worker: sending is finished
[2019-05-30T23:34:25.915Z] [debug] : worker: iteration 1 is finished
[2019-05-30T23:34:58.319Z] [debug] Logging initialized at debug level
[2019-05-30T23:35:28.564Z] [debug] : worker: start iteration 1
[2019-05-30T23:35:28.567Z] [debug] : worker: total 1 users
[2019-05-30T23:35:28.567Z] [debug] : worker: get next users group
[2019-05-30T23:35:28.571Z] [debug] : worker: working on user 1
[2019-05-30T23:35:28.583Z] [debug] : worker: total of user sources 1
[2019-05-30T23:35:28.584Z] [debug] : worker: check user sources
[2019-05-30T23:35:28.585Z] [debug] : worker: bot 1 has no channels
[2019-05-30T23:35:28.586Z] [debug] : worker: update sources check time
[2019-05-30T23:35:28.604Z] [debug] : worker: start sending
[2019-05-30T23:35:28.604Z] [debug] : worker: send 0 by 1 bot
[2019-05-30T23:35:28.608Z] [debug] : worker: sending is finished
[2019-05-30T23:35:28.608Z] [debug] : worker: iteration 1 is finished
[2019-05-30T23:35:58.611Z] [debug] : worker: start iteration 2
[2019-05-30T23:35:58.626Z] [debug] : worker: total 1 users
[2019-05-30T23:35:58.626Z] [debug] : worker: get next users group
[2019-05-30T23:35:58.630Z] [debug] : worker: working on user 1
[2019-05-30T23:35:58.637Z] [debug] : worker: total of user sources 1
[2019-05-30T23:35:58.637Z] [debug] : worker: check user sources
[2019-05-30T23:35:58.637Z] [debug] : worker: bot 1 has no channels
[2019-05-30T23:35:58.637Z] [debug] : worker: update sources check time
[2019-05-30T23:35:58.642Z] [debug] : worker: start sending
[2019-05-30T23:35:58.642Z] [debug] : worker: send 0 by 1 bot
[2019-05-30T23:35:58.642Z] [debug] : worker: sending is finished
[2019-05-30T23:35:58.642Z] [debug] : worker: iteration 2 is finished
[2019-05-30T23:36:28.645Z] [debug] : worker: start iteration 3
[2019-05-30T23:36:28.657Z] [debug] : worker: total 1 users
[2019-05-30T23:36:28.657Z] [debug] : worker: get next users group
[2019-05-30T23:36:28.659Z] [debug] : worker: working on user 1
[2019-05-30T23:36:28.663Z] [debug] : worker: total of user sources 1
[2019-05-30T23:36:28.663Z] [debug] : worker: check user sources
[2019-05-30T23:36:28.664Z] [debug] : worker: bot 1 has no channels
[2019-05-30T23:36:28.664Z] [debug] : worker: update sources check time
[2019-05-30T23:36:28.667Z] [debug] : worker: start sending
[2019-05-30T23:36:28.667Z] [debug] : worker: send 0 by 1 bot
[2019-05-30T23:36:28.668Z] [debug] : worker: sending is finished
[2019-05-30T23:36:28.668Z] [debug] : worker: iteration 3 is finished
[2019-05-30T23:36:58.671Z] [debug] : worker: start iteration 4
[2019-05-30T23:36:58.681Z] [debug] : worker: total 1 users
[2019-05-30T23:36:58.681Z] [debug] : worker: get next users group
[2019-05-30T23:36:58.683Z] [debug] : worker: working on user 1
[2019-05-30T23:36:58.688Z] [debug] : worker: total of user sources 1
[2019-05-30T23:36:58.689Z] [debug] : worker: check user sources
[2019-05-30T23:36:58.689Z] [debug] : worker: bot 1 has no channels
[2019-05-30T23:36:58.689Z] [debug] : worker: update sources check time
[2019-05-30T23:36:58.692Z] [debug] : worker: start sending
[2019-05-30T23:36:58.693Z] [debug] : worker: send 0 by 1 bot
[2019-05-30T23:36:58.693Z] [debug] : worker: sending is finished
[2019-05-30T23:36:58.693Z] [debug] : worker: iteration 4 is finished
[2019-05-30T23:37:28.695Z] [debug] : worker: start iteration 5
[2019-05-30T23:37:28.704Z] [debug] : worker: total 1 users
[2019-05-30T23:37:28.704Z] [debug] : worker: get next users group
[2019-05-30T23:37:28.706Z] [debug] : worker: working on user 1
[2019-05-30T23:37:28.710Z] [debug] : worker: total of user sources 1
[2019-05-30T23:37:28.710Z] [debug] : worker: check user sources
[2019-05-30T23:37:28.710Z] [debug] : worker: bot 1 has no channels
[2019-05-30T23:37:28.710Z] [debug] : worker: update sources check time
[2019-05-30T23:37:28.714Z] [debug] : worker: start sending
[2019-05-30T23:37:28.714Z] [debug] : worker: send 0 by 1 bot
[2019-05-30T23:37:28.715Z] [debug] : worker: sending is finished
[2019-05-30T23:37:28.715Z] [debug] : worker: iteration 5 is finished
[2019-05-30T23:37:58.719Z] [debug] : worker: start iteration 6
[2019-05-30T23:37:58.729Z] [debug] : worker: total 1 users
[2019-05-30T23:37:58.729Z] [debug] : worker: get next users group
[2019-05-30T23:37:58.732Z] [debug] : worker: working on user 1
[2019-05-30T23:37:58.735Z] [debug] : worker: total of user sources 1
[2019-05-30T23:37:58.736Z] [debug] : worker: check user sources
[2019-05-30T23:37:58.736Z] [debug] : worker: bot 1 has no channels
[2019-05-30T23:37:58.736Z] [debug] : worker: update sources check time
[2019-05-30T23:37:58.745Z] [debug] : worker: start sending
[2019-05-30T23:37:58.745Z] [debug] : worker: send 0 by 1 bot
[2019-05-30T23:37:58.745Z] [debug] : worker: sending is finished
[2019-05-30T23:37:58.745Z] [debug] : worker: iteration 6 is finished
[2019-05-30T23:38:28.751Z] [debug] : worker: start iteration 7
[2019-05-30T23:38:28.763Z] [debug] : worker: total 1 users
[2019-05-30T23:38:28.763Z] [debug] : worker: get next users group
[2019-05-30T23:38:28.764Z] [debug] : worker: working on user 1
[2019-05-30T23:38:28.768Z] [debug] : worker: total of user sources 1
[2019-05-30T23:38:28.769Z] [debug] : worker: check user sources
[2019-05-30T23:38:28.769Z] [debug] : worker: bot 1 has no channels
[2019-05-30T23:38:28.769Z] [debug] : worker: update sources check time
[2019-05-30T23:38:28.772Z] [debug] : worker: start sending
[2019-05-30T23:38:28.772Z] [debug] : worker: send 0 by 1 bot
[2019-05-30T23:38:28.772Z] [debug] : worker: sending is finished
[2019-05-30T23:38:28.772Z] [debug] : worker: iteration 7 is finished
[2019-05-30T23:38:58.772Z] [debug] : worker: start iteration 8
[2019-05-30T23:38:58.781Z] [debug] : worker: total 1 users
[2019-05-30T23:38:58.781Z] [debug] : worker: get next users group
[2019-05-30T23:38:58.783Z] [debug] : worker: working on user 1
[2019-05-30T23:38:58.786Z] [debug] : worker: total of user sources 1
[2019-05-30T23:38:58.787Z] [debug] : worker: check user sources
[2019-05-30T23:38:58.787Z] [debug] : worker: bot 1 has no channels
[2019-05-30T23:38:58.787Z] [debug] : worker: update sources check time
[2019-05-30T23:38:58.795Z] [debug] : worker: start sending
[2019-05-30T23:38:58.796Z] [debug] : worker: send 0 by 1 bot
[2019-05-30T23:38:58.796Z] [debug] : worker: sending is finished
[2019-05-30T23:38:58.796Z] [debug] : worker: iteration 8 is finished
[2019-05-30T23:39:28.802Z] [debug] : worker: start iteration 9
[2019-05-30T23:39:28.806Z] [debug] : worker: total 1 users
[2019-05-30T23:39:28.806Z] [debug] : worker: get next users group
[2019-05-30T23:39:28.808Z] [debug] : worker: working on user 1
[2019-05-30T23:39:28.813Z] [debug] : worker: total of user sources 1
[2019-05-30T23:39:28.813Z] [debug] : worker: check user sources
[2019-05-30T23:39:28.813Z] [debug] : worker: bot 1 has no channels
[2019-05-30T23:39:28.813Z] [debug] : worker: update sources check time
[2019-05-30T23:39:28.824Z] [debug] : worker: start sending
[2019-05-30T23:39:28.825Z] [debug] : worker: send 0 by 1 bot
[2019-05-30T23:39:28.825Z] [debug] : worker: sending is finished
[2019-05-30T23:39:28.825Z] [debug] : worker: iteration 9 is finished
[2019-05-30T23:39:58.826Z] [debug] : worker: start iteration 10
[2019-05-30T23:39:58.838Z] [debug] : worker: total 1 users
[2019-05-30T23:39:58.838Z] [debug] : worker: get next users group
[2019-05-30T23:39:58.841Z] [debug] : worker: working on user 1
[2019-05-30T23:39:58.846Z] [debug] : worker: total of user sources 1
[2019-05-30T23:39:58.846Z] [debug] : worker: check user sources
[2019-05-30T23:39:58.846Z] [debug] : worker: bot 1 has no channels
[2019-05-30T23:39:58.847Z] [debug] : worker: update sources check time
[2019-05-30T23:39:58.851Z] [debug] : worker: start sending
[2019-05-30T23:39:58.851Z] [debug] : worker: send 0 by 1 bot
[2019-05-30T23:39:58.851Z] [debug] : worker: sending is finished
[2019-05-30T23:39:58.851Z] [debug] : worker: iteration 10 is finished
[2019-05-30T23:40:29.641Z] [debug] Logging initialized at debug level
[2019-05-30T23:40:59.883Z] [debug] : worker: start iteration 1
[2019-05-30T23:40:59.892Z] [debug] : worker: total 1 users
[2019-05-30T23:40:59.892Z] [debug] : worker: get next users group
[2019-05-30T23:40:59.894Z] [debug] : worker: working on user 1
[2019-05-30T23:40:59.903Z] [debug] : worker: total of user sources 1
[2019-05-30T23:40:59.903Z] [debug] : worker: check user sources
[2019-05-30T23:40:59.903Z] [debug] : worker: bot 1 has no channels
[2019-05-30T23:40:59.903Z] [debug] : worker: update sources check time
[2019-05-30T23:40:59.910Z] [debug] : worker: start sending
[2019-05-30T23:40:59.910Z] [debug] : worker: send 0 by 1 bot
[2019-05-30T23:40:59.912Z] [debug] : worker: sending is finished
[2019-05-30T23:40:59.912Z] [debug] : worker: iteration 1 is finished
[2019-05-30T23:41:24.205Z] [debug] Logging initialized at debug level
[2019-05-30T23:41:54.420Z] [debug] : worker: start iteration 1
[2019-05-30T23:41:54.424Z] [debug] : worker: total 1 users
[2019-05-30T23:41:54.424Z] [debug] : worker: get next users group
[2019-05-30T23:41:54.429Z] [debug] : worker: working on user 1
[2019-05-30T23:41:54.440Z] [debug] : worker: total of user sources 1
[2019-05-30T23:41:54.441Z] [debug] : worker: check user sources
[2019-05-30T23:41:54.441Z] [debug] : worker: bot 1 has no channels
[2019-05-30T23:41:54.441Z] [debug] : worker: update sources check time
[2019-05-30T23:41:54.455Z] [debug] : worker: start sending
[2019-05-30T23:41:54.455Z] [debug] : worker: send 0 by 1 bot
[2019-05-30T23:41:54.462Z] [debug] : worker: sending is finished
[2019-05-30T23:41:54.462Z] [debug] : worker: iteration 1 is finished
[2019-05-30T23:42:24.468Z] [debug] : worker: start iteration 2
[2019-05-30T23:42:24.479Z] [debug] : worker: total 1 users
[2019-05-30T23:42:24.479Z] [debug] : worker: get next users group
[2019-05-30T23:42:24.481Z] [debug] : worker: working on user 1
[2019-05-30T23:42:24.487Z] [debug] : worker: total of user sources 1
[2019-05-30T23:42:24.487Z] [debug] : worker: check user sources
[2019-05-30T23:42:24.487Z] [debug] : worker: bot 1 has no channels
[2019-05-30T23:42:24.487Z] [debug] : worker: update sources check time
[2019-05-30T23:42:24.492Z] [debug] : worker: start sending
[2019-05-30T23:42:24.492Z] [debug] : worker: send 0 by 1 bot
[2019-05-30T23:42:24.492Z] [debug] : worker: sending is finished
[2019-05-30T23:42:24.492Z] [debug] : worker: iteration 2 is finished
[2019-05-30T23:42:54.493Z] [debug] : worker: start iteration 3
[2019-05-30T23:42:54.496Z] [debug] : worker: total 1 users
[2019-05-30T23:42:54.496Z] [debug] : worker: get next users group
[2019-05-30T23:42:54.498Z] [debug] : worker: working on user 1
[2019-05-30T23:42:54.503Z] [debug] : worker: total of user sources 1
[2019-05-30T23:42:54.503Z] [debug] : worker: check user sources
[2019-05-30T23:42:54.503Z] [debug] : worker: bot 1 has no channels
[2019-05-30T23:42:54.503Z] [debug] : worker: update sources check time
[2019-05-30T23:42:54.507Z] [debug] : worker: start sending
[2019-05-30T23:42:54.507Z] [debug] : worker: send 0 by 1 bot
[2019-05-30T23:42:54.507Z] [debug] : worker: sending is finished
[2019-05-30T23:42:54.507Z] [debug] : worker: iteration 3 is finished
[2019-05-30T23:43:24.510Z] [debug] : worker: start iteration 4
[2019-05-30T23:43:24.520Z] [debug] : worker: total 1 users
[2019-05-30T23:43:24.520Z] [debug] : worker: get next users group
[2019-05-30T23:43:24.522Z] [debug] : worker: working on user 1
[2019-05-30T23:43:24.526Z] [debug] : worker: total of user sources 1
[2019-05-30T23:43:24.526Z] [debug] : worker: check user sources
[2019-05-30T23:43:24.526Z] [debug] : worker: bot 1 has no channels
[2019-05-30T23:43:24.527Z] [debug] : worker: update sources check time
[2019-05-30T23:43:24.536Z] [debug] : worker: start sending
[2019-05-30T23:43:24.536Z] [debug] : worker: send 0 by 1 bot
[2019-05-30T23:43:24.536Z] [debug] : worker: sending is finished
[2019-05-30T23:43:24.536Z] [debug] : worker: iteration 4 is finished
[2019-05-30T23:43:54.541Z] [debug] : worker: start iteration 5
[2019-05-30T23:43:54.551Z] [debug] : worker: total 1 users
[2019-05-30T23:43:54.551Z] [debug] : worker: get next users group
[2019-05-30T23:43:54.553Z] [debug] : worker: working on user 1
[2019-05-30T23:43:54.558Z] [debug] : worker: total of user sources 1
[2019-05-30T23:43:54.558Z] [debug] : worker: check user sources
[2019-05-30T23:43:54.559Z] [debug] : worker: bot 1 has no channels
[2019-05-30T23:43:54.559Z] [debug] : worker: update sources check time
[2019-05-30T23:43:54.562Z] [debug] : worker: start sending
[2019-05-30T23:43:54.562Z] [debug] : worker: send 0 by 1 bot
[2019-05-30T23:43:54.562Z] [debug] : worker: sending is finished
[2019-05-30T23:43:54.562Z] [debug] : worker: iteration 5 is finished
[2019-05-30T23:44:24.567Z] [debug] : worker: start iteration 6
[2019-05-30T23:44:24.576Z] [debug] : worker: total 1 users
[2019-05-30T23:44:24.576Z] [debug] : worker: get next users group
[2019-05-30T23:44:24.578Z] [debug] : worker: working on user 1
[2019-05-30T23:44:24.583Z] [debug] : worker: total of user sources 1
[2019-05-30T23:44:24.583Z] [debug] : worker: check user sources
[2019-05-30T23:44:24.584Z] [debug] : worker: bot 1 has no channels
[2019-05-30T23:44:24.584Z] [debug] : worker: update sources check time
[2019-05-30T23:44:24.587Z] [debug] : worker: start sending
[2019-05-30T23:44:24.587Z] [debug] : worker: send 0 by 1 bot
[2019-05-30T23:44:24.588Z] [debug] : worker: sending is finished
[2019-05-30T23:44:24.588Z] [debug] : worker: iteration 6 is finished
[2019-05-30T23:44:54.589Z] [debug] : worker: start iteration 7
[2019-05-30T23:44:54.598Z] [debug] : worker: total 1 users
[2019-05-30T23:44:54.598Z] [debug] : worker: get next users group
[2019-05-30T23:44:54.600Z] [debug] : worker: working on user 1
[2019-05-30T23:44:54.607Z] [debug] : worker: total of user sources 1
[2019-05-30T23:44:54.607Z] [debug] : worker: check user sources
[2019-05-30T23:44:54.607Z] [debug] : worker: bot 1 has no channels
[2019-05-30T23:44:54.607Z] [debug] : worker: update sources check time
[2019-05-30T23:44:54.611Z] [debug] : worker: start sending
[2019-05-30T23:44:54.611Z] [debug] : worker: send 0 by 1 bot
[2019-05-30T23:44:54.611Z] [debug] : worker: sending is finished
[2019-05-30T23:44:54.611Z] [debug] : worker: iteration 7 is finished
[2019-05-30T23:45:24.613Z] [debug] : worker: start iteration 8
[2019-05-30T23:45:24.623Z] [debug] : worker: total 1 users
[2019-05-30T23:45:24.623Z] [debug] : worker: get next users group
[2019-05-30T23:45:24.625Z] [debug] : worker: working on user 1
[2019-05-30T23:45:24.629Z] [debug] : worker: total of user sources 1
[2019-05-30T23:45:24.629Z] [debug] : worker: check user sources
[2019-05-30T23:45:24.629Z] [debug] : worker: bot 1 has no channels
[2019-05-30T23:45:24.629Z] [debug] : worker: update sources check time
[2019-05-30T23:45:24.634Z] [debug] : worker: start sending
[2019-05-30T23:45:24.635Z] [debug] : worker: send 0 by 1 bot
[2019-05-30T23:45:24.635Z] [debug] : worker: sending is finished
[2019-05-30T23:45:24.635Z] [debug] : worker: iteration 8 is finished
[2019-05-30T23:46:04.924Z] [debug] Logging initialized at debug level
[2019-05-30T23:46:35.140Z] [debug] : worker: start iteration 1
[2019-05-30T23:46:35.154Z] [debug] : worker: total 1 users
[2019-05-30T23:46:35.155Z] [debug] : worker: get next users group
[2019-05-30T23:46:35.161Z] [debug] : worker: working on user 1
[2019-05-30T23:46:35.170Z] [debug] : worker: total of user sources 1
[2019-05-30T23:46:35.170Z] [debug] : worker: check user sources
[2019-05-30T23:46:35.170Z] [debug] : worker: bot 1 has no channels
[2019-05-30T23:46:35.171Z] [debug] : worker: update sources check time
[2019-05-30T23:46:35.179Z] [debug] : worker: start sending
[2019-05-30T23:46:35.179Z] [debug] : worker: send 0 by 1 bot
[2019-05-30T23:46:35.181Z] [debug] : worker: sending is finished
[2019-05-30T23:46:35.181Z] [debug] : worker: iteration 1 is finished
[2019-05-30T23:47:47.750Z] [debug] Logging initialized at debug level
[2019-05-30T23:48:29.736Z] [debug] Logging initialized at debug level
[2019-05-30T23:49:31.813Z] [debug] Logging initialized at debug level
[2019-05-30T23:50:52.172Z] [debug] Logging initialized at debug level
[2019-05-30T23:59:37.277Z] [debug] Logging initialized at debug level
[2019-05-31T00:00:45.375Z] [debug] Logging initialized at debug level
[2019-05-31T00:01:15.592Z] [debug] : worker: start iteration 1
[2019-05-31T00:01:15.604Z] [debug] : worker: total 1 users
[2019-05-31T00:01:15.605Z] [debug] : worker: get next users group
[2019-05-31T00:01:15.610Z] [debug] : worker: working on user 1
[2019-05-31T00:01:15.622Z] [debug] : worker: total of user sources 1
[2019-05-31T00:01:15.622Z] [debug] : worker: check user sources
[2019-05-31T00:01:15.622Z] [debug] : worker: parse source 1
[2019-05-31T00:01:16.064Z] [debug] : worker: total of new records 10 of source 1
[2019-05-31T00:01:16.064Z] [debug] : worker: update sources check time
[2019-05-31T00:01:16.078Z] [debug] : worker: start sending
[2019-05-31T00:01:16.079Z] [debug] : worker: send 10 by 1 bot
[2019-05-31T00:01:17.459Z] [debug] : worker: sending is finished
[2019-05-31T00:01:17.459Z] [debug] : worker: iteration 1 is finished
[2019-05-31T00:01:47.462Z] [debug] : worker: start iteration 2
[2019-05-31T00:01:47.471Z] [debug] : worker: total 1 users
[2019-05-31T00:01:47.471Z] [debug] : worker: get next users group
[2019-05-31T00:01:47.473Z] [debug] : worker: working on user 1
[2019-05-31T00:01:47.478Z] [debug] : worker: total of user sources 1
[2019-05-31T00:01:47.478Z] [debug] : worker: check user sources
[2019-05-31T00:01:47.478Z] [debug] : worker: parse source 1
[2019-05-31T00:01:47.752Z] [debug] : worker: total of new records 10 of source 1
[2019-05-31T00:01:47.752Z] [debug] : worker: update sources check time
[2019-05-31T00:01:47.766Z] [debug] : worker: start sending
[2019-05-31T00:01:47.766Z] [debug] : worker: send 10 by 1 bot
[2019-05-31T00:01:48.211Z] [debug] : worker: sending is finished
[2019-05-31T00:01:48.211Z] [debug] : worker: iteration 2 is finished
[2019-05-31T00:06:25.545Z] [debug] Logging initialized at debug level
[2019-05-31T00:07:40.225Z] [debug] Logging initialized at debug level
[2019-05-31T00:08:52.717Z] [debug] Logging initialized at debug level
[2019-05-31T00:11:56.586Z] [debug] Logging initialized at debug level
[2019-05-31T00:14:33.448Z] [debug] Logging initialized at debug level
[2019-05-31T00:15:41.568Z] [debug] Logging initialized at debug level
[2019-05-31T00:34:40.245Z] [debug] Logging initialized at debug level
[2019-05-31T00:40:18.116Z] [debug] Logging initialized at debug level
[2019-05-31T00:41:20.899Z] [error] : TypeError: Cannot read property 'id' of undefined
    at /Users/rbs/mygit/streamix/dist/handlers/bot.js:13:38
    at execute (/Users/rbs/mygit/streamix/node_modules/telegraf/composer.js:352:13)
    at Promise.resolve.handler (/Users/rbs/mygit/streamix/node_modules/telegraf/composer.js:352:49)
    at /Users/rbs/mygit/streamix/dist/handlers/channel.js:41:24
    at processTicksAndRejections (internal/process/task_queues.js:86:5)
[2019-05-31T00:48:42.615Z] [debug] Logging initialized at debug level
[2019-05-31T00:52:04.907Z] [debug] Logging initialized at debug level
[2019-05-31T01:09:57.116Z] [debug] Logging initialized at debug level
[2019-05-31T01:13:49.590Z] [debug] Logging initialized at debug level
[2019-05-31T01:18:05.484Z] [debug] Logging initialized at debug level
[2019-05-31T01:19:41.686Z] [debug] Logging initialized at debug level
[2019-05-31T01:30:58.596Z] [debug] Logging initialized at debug level
[2019-05-31T01:47:37.594Z] [debug] Logging initialized at debug level
[2019-05-31T01:51:07.338Z] [debug] Logging initialized at debug level
[2019-05-31T01:53:28.209Z] [debug] Logging initialized at debug level
[2019-05-31T01:55:29.045Z] [debug] Logging initialized at debug level
[2019-05-31T01:56:57.982Z] [debug] Logging initialized at debug level
[2019-05-31T02:02:50.626Z] [debug] Logging initialized at debug level
[2019-05-31T02:09:08.156Z] [debug] Logging initialized at debug level
[2019-05-31T02:10:13.351Z] [debug] Logging initialized at debug level
[2019-05-31T02:10:43.582Z] [debug] : worker: start iteration 1
[2019-05-31T02:10:43.597Z] [debug] : worker: total 1 users
[2019-05-31T02:10:43.597Z] [debug] : worker: get next users group
[2019-05-31T02:10:43.603Z] [debug] : worker: working on user 1
[2019-05-31T02:10:43.615Z] [debug] : worker: total of user sources 2
[2019-05-31T02:10:43.616Z] [debug] : worker: check user sources
[2019-05-31T02:10:43.617Z] [debug] : worker: parse source 1
[2019-05-31T02:10:43.620Z] [debug] : worker: parse source 2
[2019-05-31T02:10:43.935Z] [debug] : worker: total of new records 0 of source 1
[2019-05-31T02:10:45.210Z] [debug] : worker: total of new records 0 of source 2
[2019-05-31T02:10:45.210Z] [debug] : worker: update sources check time
[2019-05-31T02:10:45.226Z] [debug] : worker: start sending
[2019-05-31T02:10:45.227Z] [debug] : worker: send 0 records by 7 bot
[2019-05-31T02:10:46.632Z] [error] : Error: 400: Bad Request: message text is empty
    at buildConfig.then.then.then.then (/Users/rbs/mygit/streamix/node_modules/telegraf/core/network/client.js:263:17)
    at processTicksAndRejections (internal/process/task_queues.js:86:5)
[2019-05-31T02:10:46.632Z] [debug] : worker: iteration 1 is finished
[2019-05-31T02:11:16.635Z] [debug] : worker: start iteration 2
[2019-05-31T02:11:16.646Z] [debug] : worker: total 1 users
[2019-05-31T02:11:16.646Z] [debug] : worker: get next users group
[2019-05-31T02:11:16.648Z] [debug] : worker: working on user 1
[2019-05-31T02:11:16.652Z] [debug] : worker: total of user sources 2
[2019-05-31T02:11:16.653Z] [debug] : worker: check user sources
[2019-05-31T02:11:16.653Z] [debug] : worker: parse source 1
[2019-05-31T02:11:16.654Z] [debug] : worker: parse source 2
[2019-05-31T02:11:17.183Z] [debug] : worker: total of new records 0 of source 1
[2019-05-31T02:11:18.072Z] [debug] : worker: total of new records 0 of source 2
[2019-05-31T02:11:18.072Z] [debug] : worker: update sources check time
[2019-05-31T02:11:18.079Z] [debug] : worker: start sending
[2019-05-31T02:11:18.079Z] [debug] : worker: send 0 records by 7 bot
[2019-05-31T02:11:18.399Z] [error] : Error: 400: Bad Request: message text is empty
    at buildConfig.then.then.then.then (/Users/rbs/mygit/streamix/node_modules/telegraf/core/network/client.js:263:17)
    at processTicksAndRejections (internal/process/task_queues.js:86:5)
[2019-05-31T02:11:18.400Z] [debug] : worker: iteration 2 is finished
[2019-05-31T02:11:48.401Z] [debug] : worker: start iteration 3
[2019-05-31T02:11:48.409Z] [debug] : worker: total 1 users
[2019-05-31T02:11:48.409Z] [debug] : worker: get next users group
[2019-05-31T02:11:48.411Z] [debug] : worker: working on user 1
[2019-05-31T02:11:48.417Z] [debug] : worker: total of user sources 2
[2019-05-31T02:11:48.417Z] [debug] : worker: check user sources
[2019-05-31T02:11:48.417Z] [debug] : worker: parse source 1
[2019-05-31T02:11:48.418Z] [debug] : worker: parse source 2
[2019-05-31T02:11:48.710Z] [debug] : worker: total of new records 0 of source 1
[2019-05-31T02:11:49.712Z] [debug] : worker: total of new records 0 of source 2
[2019-05-31T02:11:49.712Z] [debug] : worker: update sources check time
[2019-05-31T02:11:49.721Z] [debug] : worker: start sending
[2019-05-31T02:11:49.721Z] [debug] : worker: send 0 records by 7 bot
[2019-05-31T02:11:50.198Z] [error] : Error: 400: Bad Request: message text is empty
    at buildConfig.then.then.then.then (/Users/rbs/mygit/streamix/node_modules/telegraf/core/network/client.js:263:17)
    at processTicksAndRejections (internal/process/task_queues.js:86:5)
[2019-05-31T02:11:50.198Z] [debug] : worker: iteration 3 is finished
[2019-05-31T02:12:20.201Z] [debug] : worker: start iteration 4
[2019-05-31T02:12:20.212Z] [debug] : worker: total 1 users
[2019-05-31T02:12:20.212Z] [debug] : worker: get next users group
[2019-05-31T02:12:20.214Z] [debug] : worker: working on user 1
[2019-05-31T02:12:20.222Z] [debug] : worker: total of user sources 2
[2019-05-31T02:12:20.222Z] [debug] : worker: check user sources
[2019-05-31T02:12:20.223Z] [debug] : worker: parse source 1
[2019-05-31T02:12:20.225Z] [debug] : worker: parse source 2
[2019-05-31T02:12:20.548Z] [debug] : worker: total of new records 0 of source 1
[2019-05-31T02:12:21.458Z] [debug] : worker: total of new records 0 of source 2
[2019-05-31T02:12:21.458Z] [debug] : worker: update sources check time
[2019-05-31T02:12:21.464Z] [debug] : worker: start sending
[2019-05-31T02:12:21.465Z] [debug] : worker: send 0 records by 7 bot
[2019-05-31T02:12:21.769Z] [error] : Error: 400: Bad Request: message text is empty
    at buildConfig.then.then.then.then (/Users/rbs/mygit/streamix/node_modules/telegraf/core/network/client.js:263:17)
    at processTicksAndRejections (internal/process/task_queues.js:86:5)
[2019-05-31T02:12:21.769Z] [debug] : worker: iteration 4 is finished
[2019-05-31T02:12:44.035Z] [debug] Logging initialized at debug level
[2019-05-31T02:13:14.264Z] [debug] : worker: start iteration 1
[2019-05-31T02:13:14.279Z] [debug] : worker: total 1 users
[2019-05-31T02:13:14.279Z] [debug] : worker: get next users group
[2019-05-31T02:13:14.285Z] [debug] : worker: working on user 1
[2019-05-31T02:13:14.294Z] [debug] : worker: total of user sources 2
[2019-05-31T02:13:14.294Z] [debug] : worker: check user sources
[2019-05-31T02:13:14.294Z] [debug] : worker: parse source 1
[2019-05-31T02:13:14.297Z] [debug] : worker: parse source 2
[2019-05-31T02:13:14.593Z] [debug] : worker: total of new records 0 of source 1
[2019-05-31T02:13:15.942Z] [debug] : worker: total of new records 0 of source 2
[2019-05-31T02:13:15.942Z] [debug] : worker: update sources check time
[2019-05-31T02:13:15.956Z] [debug] : worker: start sending
[2019-05-31T02:13:15.957Z] [debug] : worker: send 0 records by 7 bot
[2019-05-31T02:13:15.957Z] [debug] : worker: send 0 records by 7 bot
[2019-05-31T02:13:15.957Z] [debug] : worker: sending is finished
[2019-05-31T02:13:15.957Z] [debug] : worker: iteration 1 is finished
[2019-05-31T02:13:45.963Z] [debug] : worker: start iteration 2
[2019-05-31T02:13:45.973Z] [debug] : worker: total 1 users
[2019-05-31T02:13:45.973Z] [debug] : worker: get next users group
[2019-05-31T02:13:45.975Z] [debug] : worker: working on user 1
[2019-05-31T02:13:45.983Z] [debug] : worker: total of user sources 2
[2019-05-31T02:13:45.983Z] [debug] : worker: check user sources
[2019-05-31T02:13:45.983Z] [debug] : worker: parse source 1
[2019-05-31T02:13:45.984Z] [debug] : worker: parse source 2
[2019-05-31T02:13:46.269Z] [debug] : worker: total of new records 0 of source 1
[2019-05-31T02:13:47.165Z] [debug] : worker: total of new records 0 of source 2
[2019-05-31T02:13:47.165Z] [debug] : worker: update sources check time
[2019-05-31T02:13:47.174Z] [debug] : worker: start sending
[2019-05-31T02:13:47.174Z] [debug] : worker: send 0 records by 7 bot
[2019-05-31T02:13:47.174Z] [debug] : worker: send 0 records by 7 bot
[2019-05-31T02:13:47.175Z] [debug] : worker: sending is finished
[2019-05-31T02:13:47.175Z] [debug] : worker: iteration 2 is finished
[2019-05-31T02:14:17.178Z] [debug] : worker: start iteration 3
[2019-05-31T02:14:17.186Z] [debug] : worker: total 1 users
[2019-05-31T02:14:17.187Z] [debug] : worker: get next users group
[2019-05-31T02:14:17.188Z] [debug] : worker: working on user 1
[2019-05-31T02:14:17.192Z] [debug] : worker: total of user sources 2
[2019-05-31T02:14:17.192Z] [debug] : worker: check user sources
[2019-05-31T02:14:17.192Z] [debug] : worker: parse source 1
[2019-05-31T02:14:17.193Z] [debug] : worker: parse source 2
[2019-05-31T02:14:17.537Z] [debug] : worker: total of new records 10 of source 1
[2019-05-31T02:14:18.501Z] [debug] : worker: total of new records 30 of source 2
[2019-05-31T02:14:18.501Z] [debug] : worker: update sources check time
[2019-05-31T02:14:18.510Z] [debug] : worker: start sending
[2019-05-31T02:14:18.510Z] [debug] : worker: send 10 records by 7 bot
[2019-05-31T02:14:19.318Z] [debug] : worker: send 30 records by 7 bot
[2019-05-31T02:14:19.727Z] [debug] : worker: sending is finished
[2019-05-31T02:14:19.728Z] [debug] : worker: iteration 3 is finished
[2019-05-31T02:14:49.729Z] [debug] : worker: start iteration 4
[2019-05-31T02:14:49.738Z] [debug] : worker: total 1 users
[2019-05-31T02:14:49.738Z] [debug] : worker: get next users group
[2019-05-31T02:14:49.740Z] [debug] : worker: working on user 1
[2019-05-31T02:14:49.746Z] [debug] : worker: total of user sources 2
[2019-05-31T02:14:49.746Z] [debug] : worker: check user sources
[2019-05-31T02:14:49.747Z] [debug] : worker: parse source 1
[2019-05-31T02:14:49.747Z] [debug] : worker: parse source 2
[2019-05-31T02:14:50.054Z] [debug] : worker: total of new records 0 of source 1
[2019-05-31T02:14:50.960Z] [debug] : worker: total of new records 0 of source 2
[2019-05-31T02:14:50.961Z] [debug] : worker: update sources check time
[2019-05-31T02:14:50.967Z] [debug] : worker: start sending
[2019-05-31T02:14:50.967Z] [debug] : worker: send 0 records by 7 bot
[2019-05-31T02:14:50.967Z] [debug] : worker: send 0 records by 7 bot
[2019-05-31T02:14:50.967Z] [debug] : worker: sending is finished
[2019-05-31T02:14:50.967Z] [debug] : worker: iteration 4 is finished
[2019-05-31T02:15:20.970Z] [debug] : worker: start iteration 5
[2019-05-31T02:15:20.979Z] [debug] : worker: total 1 users
[2019-05-31T02:15:20.979Z] [debug] : worker: get next users group
[2019-05-31T02:15:20.981Z] [debug] : worker: working on user 1
[2019-05-31T02:15:20.989Z] [debug] : worker: total of user sources 2
[2019-05-31T02:15:20.989Z] [debug] : worker: check user sources
[2019-05-31T02:15:20.989Z] [debug] : worker: parse source 1
[2019-05-31T02:15:20.990Z] [debug] : worker: parse source 2
[2019-05-31T02:15:21.273Z] [debug] : worker: total of new records 0 of source 1
[2019-05-31T02:15:22.399Z] [debug] : worker: total of new records 0 of source 2
[2019-05-31T02:15:22.399Z] [debug] : worker: update sources check time
[2019-05-31T02:15:22.408Z] [debug] : worker: start sending
[2019-05-31T02:15:22.409Z] [debug] : worker: send 0 records by 7 bot
[2019-05-31T02:15:22.409Z] [debug] : worker: send 0 records by 7 bot
[2019-05-31T02:15:22.409Z] [debug] : worker: sending is finished
[2019-05-31T02:15:22.409Z] [debug] : worker: iteration 5 is finished
[2019-05-31T02:15:52.410Z] [debug] : worker: start iteration 6
[2019-05-31T02:15:52.419Z] [debug] : worker: total 1 users
[2019-05-31T02:15:52.419Z] [debug] : worker: get next users group
[2019-05-31T02:15:52.421Z] [debug] : worker: working on user 1
[2019-05-31T02:15:52.425Z] [debug] : worker: total of user sources 2
[2019-05-31T02:15:52.425Z] [debug] : worker: check user sources
[2019-05-31T02:15:52.425Z] [debug] : worker: parse source 1
[2019-05-31T02:15:52.426Z] [debug] : worker: parse source 2
[2019-05-31T02:15:52.741Z] [debug] : worker: total of new records 0 of source 1
[2019-05-31T02:15:53.528Z] [debug] : worker: total of new records 0 of source 2
[2019-05-31T02:15:53.529Z] [debug] : worker: update sources check time
[2019-05-31T02:15:53.540Z] [debug] : worker: start sending
[2019-05-31T02:15:53.540Z] [debug] : worker: send 0 records by 7 bot
[2019-05-31T02:15:53.540Z] [debug] : worker: send 0 records by 7 bot
[2019-05-31T02:15:53.540Z] [debug] : worker: sending is finished
[2019-05-31T02:15:53.540Z] [debug] : worker: iteration 6 is finished
[2019-05-31T02:16:23.545Z] [debug] : worker: start iteration 7
[2019-05-31T02:16:23.557Z] [debug] : worker: total 1 users
[2019-05-31T02:16:23.557Z] [debug] : worker: get next users group
[2019-05-31T02:16:23.559Z] [debug] : worker: working on user 1
[2019-05-31T02:16:23.566Z] [debug] : worker: total of user sources 2
[2019-05-31T02:16:23.566Z] [debug] : worker: check user sources
[2019-05-31T02:16:23.567Z] [debug] : worker: parse source 1
[2019-05-31T02:16:23.567Z] [debug] : worker: parse source 2
[2019-05-31T02:16:23.851Z] [debug] : worker: total of new records 0 of source 1
[2019-05-31T02:16:24.863Z] [debug] : worker: total of new records 0 of source 2
[2019-05-31T02:16:24.863Z] [debug] : worker: update sources check time
[2019-05-31T02:16:24.873Z] [debug] : worker: start sending
[2019-05-31T02:16:24.874Z] [debug] : worker: send 0 records by 7 bot
[2019-05-31T02:16:24.874Z] [debug] : worker: send 0 records by 7 bot
[2019-05-31T02:16:24.874Z] [debug] : worker: sending is finished
[2019-05-31T02:16:24.874Z] [debug] : worker: iteration 7 is finished
[2019-05-31T02:16:54.878Z] [debug] : worker: start iteration 8
[2019-05-31T02:16:54.890Z] [debug] : worker: total 1 users
[2019-05-31T02:16:54.890Z] [debug] : worker: get next users group
[2019-05-31T02:16:54.892Z] [debug] : worker: working on user 1
[2019-05-31T02:16:54.898Z] [debug] : worker: total of user sources 2
[2019-05-31T02:16:54.898Z] [debug] : worker: check user sources
[2019-05-31T02:16:54.898Z] [debug] : worker: parse source 1
[2019-05-31T02:16:54.899Z] [debug] : worker: parse source 2
[2019-05-31T02:16:55.197Z] [debug] : worker: total of new records 0 of source 1
[2019-05-31T02:16:56.094Z] [debug] : worker: total of new records 0 of source 2
[2019-05-31T02:16:56.094Z] [debug] : worker: update sources check time
[2019-05-31T02:16:56.104Z] [debug] : worker: start sending
[2019-05-31T02:16:56.104Z] [debug] : worker: send 0 records by 7 bot
[2019-05-31T02:16:56.104Z] [debug] : worker: send 0 records by 7 bot
[2019-05-31T02:16:56.104Z] [debug] : worker: sending is finished
[2019-05-31T02:16:56.104Z] [debug] : worker: iteration 8 is finished
[2019-05-31T02:17:26.109Z] [debug] : worker: start iteration 9
[2019-05-31T02:17:26.119Z] [debug] : worker: total 1 users
[2019-05-31T02:17:26.120Z] [debug] : worker: get next users group
[2019-05-31T02:17:26.122Z] [debug] : worker: working on user 1
[2019-05-31T02:17:26.127Z] [debug] : worker: total of user sources 2
[2019-05-31T02:17:26.127Z] [debug] : worker: check user sources
[2019-05-31T02:17:26.127Z] [debug] : worker: parse source 1
[2019-05-31T02:17:26.128Z] [debug] : worker: parse source 2
[2019-05-31T02:17:26.434Z] [debug] : worker: total of new records 0 of source 1
[2019-05-31T02:17:27.427Z] [debug] : worker: total of new records 0 of source 2
[2019-05-31T02:17:27.430Z] [debug] : worker: update sources check time
[2019-05-31T02:17:27.440Z] [debug] : worker: start sending
[2019-05-31T02:17:27.440Z] [debug] : worker: send 0 records by 7 bot
[2019-05-31T02:17:27.440Z] [debug] : worker: send 0 records by 7 bot
[2019-05-31T02:17:27.441Z] [debug] : worker: sending is finished
[2019-05-31T02:17:27.441Z] [debug] : worker: iteration 9 is finished
[2019-05-31T02:17:57.448Z] [debug] : worker: start iteration 10
[2019-05-31T02:17:57.558Z] [debug] : worker: total 1 users
[2019-05-31T02:17:57.558Z] [debug] : worker: get next users group
[2019-05-31T02:17:57.564Z] [debug] : worker: working on user 1
[2019-05-31T02:17:57.571Z] [debug] : worker: total of user sources 2
[2019-05-31T02:17:57.571Z] [debug] : worker: check user sources
[2019-05-31T02:17:57.571Z] [debug] : worker: parse source 1
[2019-05-31T02:17:57.572Z] [debug] : worker: parse source 2
[2019-05-31T02:17:57.856Z] [debug] : worker: total of new records 0 of source 1
[2019-05-31T02:17:58.968Z] [debug] : worker: total of new records 0 of source 2
[2019-05-31T02:17:58.969Z] [debug] : worker: update sources check time
[2019-05-31T02:17:58.977Z] [debug] : worker: start sending
[2019-05-31T02:17:58.977Z] [debug] : worker: send 0 records by 7 bot
[2019-05-31T02:17:58.977Z] [debug] : worker: send 0 records by 7 bot
[2019-05-31T02:17:58.977Z] [debug] : worker: sending is finished
[2019-05-31T02:17:58.977Z] [debug] : worker: iteration 10 is finished
[2019-05-31T02:18:28.981Z] [debug] : worker: start iteration 11
[2019-05-31T02:18:28.990Z] [debug] : worker: total 1 users
[2019-05-31T02:18:28.990Z] [debug] : worker: get next users group
[2019-05-31T02:18:28.992Z] [debug] : worker: working on user 1
[2019-05-31T02:18:28.998Z] [debug] : worker: total of user sources 2
[2019-05-31T02:18:28.998Z] [debug] : worker: check user sources
[2019-05-31T02:18:28.998Z] [debug] : worker: parse source 1
[2019-05-31T02:18:29.000Z] [debug] : worker: parse source 2
[2019-05-31T02:18:29.301Z] [debug] : worker: total of new records 0 of source 1
[2019-05-31T02:18:30.609Z] [debug] : worker: total of new records 0 of source 2
[2019-05-31T02:18:30.610Z] [debug] : worker: update sources check time
[2019-05-31T02:18:30.619Z] [debug] : worker: start sending
[2019-05-31T02:18:30.619Z] [debug] : worker: send 0 records by 7 bot
[2019-05-31T02:18:30.619Z] [debug] : worker: send 0 records by 7 bot
[2019-05-31T02:18:30.619Z] [debug] : worker: sending is finished
[2019-05-31T02:18:30.619Z] [debug] : worker: iteration 11 is finished
[2019-05-31T02:19:00.622Z] [debug] : worker: start iteration 12
[2019-05-31T02:19:00.631Z] [debug] : worker: total 1 users
[2019-05-31T02:19:00.632Z] [debug] : worker: get next users group
[2019-05-31T02:19:00.634Z] [debug] : worker: working on user 1
[2019-05-31T02:19:00.638Z] [debug] : worker: total of user sources 2
[2019-05-31T02:19:00.638Z] [debug] : worker: check user sources
[2019-05-31T02:19:00.638Z] [debug] : worker: parse source 1
[2019-05-31T02:19:00.639Z] [debug] : worker: parse source 2
[2019-05-31T02:19:00.917Z] [debug] : worker: total of new records 0 of source 1
[2019-05-31T02:19:02.045Z] [debug] : worker: total of new records 0 of source 2
[2019-05-31T02:19:02.045Z] [debug] : worker: update sources check time
[2019-05-31T02:19:02.056Z] [debug] : worker: start sending
[2019-05-31T02:19:02.056Z] [debug] : worker: send 0 records by 7 bot
[2019-05-31T02:19:02.056Z] [debug] : worker: send 0 records by 7 bot
[2019-05-31T02:19:02.056Z] [debug] : worker: sending is finished
[2019-05-31T02:19:02.056Z] [debug] : worker: iteration 12 is finished
[2019-05-31T02:19:32.062Z] [debug] : worker: start iteration 13
[2019-05-31T02:19:32.071Z] [debug] : worker: total 1 users
[2019-05-31T02:19:32.071Z] [debug] : worker: get next users group
[2019-05-31T02:19:32.073Z] [debug] : worker: working on user 1
[2019-05-31T02:19:32.077Z] [debug] : worker: total of user sources 2
[2019-05-31T02:19:32.077Z] [debug] : worker: check user sources
[2019-05-31T02:19:32.077Z] [debug] : worker: parse source 1
[2019-05-31T02:19:32.078Z] [debug] : worker: parse source 2
[2019-05-31T02:19:32.339Z] [debug] : worker: total of new records 0 of source 1
[2019-05-31T02:19:33.291Z] [debug] : worker: total of new records 0 of source 2
[2019-05-31T02:19:33.291Z] [debug] : worker: update sources check time
[2019-05-31T02:19:33.296Z] [debug] : worker: start sending
[2019-05-31T02:19:33.296Z] [debug] : worker: send 0 records by 7 bot
[2019-05-31T02:19:33.296Z] [debug] : worker: send 0 records by 7 bot
[2019-05-31T02:19:33.296Z] [debug] : worker: sending is finished
[2019-05-31T02:19:33.296Z] [debug] : worker: iteration 13 is finished
[2019-05-31T02:20:03.299Z] [debug] : worker: start iteration 14
[2019-05-31T02:20:03.308Z] [debug] : worker: total 1 users
[2019-05-31T02:20:03.308Z] [debug] : worker: get next users group
[2019-05-31T02:20:03.310Z] [debug] : worker: working on user 1
[2019-05-31T02:20:03.317Z] [debug] : worker: total of user sources 2
[2019-05-31T02:20:03.318Z] [debug] : worker: check user sources
[2019-05-31T02:20:03.318Z] [debug] : worker: parse source 1
[2019-05-31T02:20:03.318Z] [debug] : worker: parse source 2
[2019-05-31T02:20:03.589Z] [debug] : worker: total of new records 0 of source 1
[2019-05-31T02:20:04.612Z] [debug] : worker: total of new records 0 of source 2
[2019-05-31T02:20:04.612Z] [debug] : worker: update sources check time
[2019-05-31T02:20:04.623Z] [debug] : worker: start sending
[2019-05-31T02:20:04.623Z] [debug] : worker: send 0 records by 7 bot
[2019-05-31T02:20:04.623Z] [debug] : worker: send 0 records by 7 bot
[2019-05-31T02:20:04.624Z] [debug] : worker: sending is finished
[2019-05-31T02:20:04.624Z] [debug] : worker: iteration 14 is finished
[2019-05-31T02:20:34.628Z] [debug] : worker: start iteration 15
[2019-05-31T02:20:34.639Z] [debug] : worker: total 1 users
[2019-05-31T02:20:34.639Z] [debug] : worker: get next users group
[2019-05-31T02:20:34.641Z] [debug] : worker: working on user 1
[2019-05-31T02:20:34.645Z] [debug] : worker: total of user sources 2
[2019-05-31T02:20:34.645Z] [debug] : worker: check user sources
[2019-05-31T02:20:34.645Z] [debug] : worker: parse source 1
[2019-05-31T02:20:34.646Z] [debug] : worker: parse source 2
[2019-05-31T02:20:34.937Z] [debug] : worker: total of new records 0 of source 1
[2019-05-31T02:20:35.945Z] [debug] : worker: total of new records 0 of source 2
[2019-05-31T02:20:35.945Z] [debug] : worker: update sources check time
[2019-05-31T02:20:35.953Z] [debug] : worker: start sending
[2019-05-31T02:20:35.953Z] [debug] : worker: send 0 records by 7 bot
[2019-05-31T02:20:35.953Z] [debug] : worker: send 0 records by 7 bot
[2019-05-31T02:20:35.953Z] [debug] : worker: sending is finished
[2019-05-31T02:20:35.953Z] [debug] : worker: iteration 15 is finished
[2019-05-31T02:21:05.956Z] [debug] : worker: start iteration 16
[2019-05-31T02:21:05.967Z] [debug] : worker: total 1 users
[2019-05-31T02:21:05.968Z] [debug] : worker: get next users group
[2019-05-31T02:21:05.969Z] [debug] : worker: working on user 1
[2019-05-31T02:21:05.975Z] [debug] : worker: total of user sources 2
[2019-05-31T02:21:05.975Z] [debug] : worker: check user sources
[2019-05-31T02:21:05.975Z] [debug] : worker: parse source 1
[2019-05-31T02:21:05.976Z] [debug] : worker: parse source 2
[2019-05-31T02:21:06.267Z] [debug] : worker: total of new records 0 of source 1
[2019-05-31T02:21:07.283Z] [debug] : worker: total of new records 0 of source 2
[2019-05-31T02:21:07.283Z] [debug] : worker: update sources check time
[2019-05-31T02:21:07.289Z] [debug] : worker: start sending
[2019-05-31T02:21:07.289Z] [debug] : worker: send 0 records by 7 bot
[2019-05-31T02:21:07.289Z] [debug] : worker: send 0 records by 7 bot
[2019-05-31T02:21:07.289Z] [debug] : worker: sending is finished
[2019-05-31T02:21:07.289Z] [debug] : worker: iteration 16 is finished
[2019-05-31T02:21:37.294Z] [debug] : worker: start iteration 17
[2019-05-31T02:21:37.314Z] [debug] : worker: total 1 users
[2019-05-31T02:21:37.314Z] [debug] : worker: get next users group
[2019-05-31T02:21:37.318Z] [debug] : worker: working on user 1
[2019-05-31T02:21:37.326Z] [debug] : worker: total of user sources 2
[2019-05-31T02:21:37.326Z] [debug] : worker: check user sources
[2019-05-31T02:21:37.326Z] [debug] : worker: parse source 1
[2019-05-31T02:21:37.327Z] [debug] : worker: parse source 2
[2019-05-31T02:21:37.608Z] [debug] : worker: total of new records 0 of source 1
[2019-05-31T02:21:38.411Z] [debug] : worker: total of new records 0 of source 2
[2019-05-31T02:21:38.411Z] [debug] : worker: update sources check time
[2019-05-31T02:21:38.416Z] [debug] : worker: start sending
[2019-05-31T02:21:38.416Z] [debug] : worker: send 0 records by 7 bot
[2019-05-31T02:21:38.416Z] [debug] : worker: send 0 records by 7 bot
[2019-05-31T02:21:38.417Z] [debug] : worker: sending is finished
[2019-05-31T02:21:38.417Z] [debug] : worker: iteration 17 is finished
[2019-05-31T02:22:08.422Z] [debug] : worker: start iteration 18
[2019-05-31T02:22:08.437Z] [debug] : worker: total 1 users
[2019-05-31T02:22:08.437Z] [debug] : worker: get next users group
[2019-05-31T02:22:08.439Z] [debug] : worker: working on user 1
[2019-05-31T02:22:08.443Z] [debug] : worker: total of user sources 2
[2019-05-31T02:22:08.443Z] [debug] : worker: check user sources
[2019-05-31T02:22:08.443Z] [debug] : worker: parse source 1
[2019-05-31T02:22:08.444Z] [debug] : worker: parse source 2
[2019-05-31T02:22:08.742Z] [debug] : worker: total of new records 0 of source 1
[2019-05-31T02:22:09.643Z] [debug] : worker: total of new records 0 of source 2
[2019-05-31T02:22:09.643Z] [debug] : worker: update sources check time
[2019-05-31T02:22:09.653Z] [debug] : worker: start sending
[2019-05-31T02:22:09.653Z] [debug] : worker: send 0 records by 7 bot
[2019-05-31T02:22:09.653Z] [debug] : worker: send 0 records by 7 bot
[2019-05-31T02:22:09.653Z] [debug] : worker: sending is finished
[2019-05-31T02:22:09.653Z] [debug] : worker: iteration 18 is finished
[2019-05-31T02:22:39.659Z] [debug] : worker: start iteration 19
[2019-05-31T02:22:39.668Z] [debug] : worker: total 1 users
[2019-05-31T02:22:39.668Z] [debug] : worker: get next users group
[2019-05-31T02:22:39.670Z] [debug] : worker: working on user 1
[2019-05-31T02:22:39.678Z] [debug] : worker: total of user sources 2
[2019-05-31T02:22:39.678Z] [debug] : worker: check user sources
[2019-05-31T02:22:39.678Z] [debug] : worker: parse source 1
[2019-05-31T02:22:39.678Z] [debug] : worker: parse source 2
[2019-05-31T02:22:39.930Z] [debug] : worker: total of new records 0 of source 1
[2019-05-31T02:22:41.080Z] [debug] : worker: total of new records 0 of source 2
[2019-05-31T02:22:41.080Z] [debug] : worker: update sources check time
[2019-05-31T02:22:41.094Z] [debug] : worker: start sending
[2019-05-31T02:22:41.094Z] [debug] : worker: send 0 records by 7 bot
[2019-05-31T02:22:41.094Z] [debug] : worker: send 0 records by 7 bot
[2019-05-31T02:22:41.094Z] [debug] : worker: sending is finished
[2019-05-31T02:22:41.094Z] [debug] : worker: iteration 19 is finished
